Launching browser...
Opening character pages...
  Opened: Moctezuma
  Opened: Tlacaelel
  Opened: Cuauhtemoc
  Opened: Cortes
  Opened: Alvarado
  Opened: Marina
  Opened: Xicotencatl_Elder
  Opened: Xicotencatl_Younger
Setting up all characters...
  Moctezuma: Clicking intro links...
    Moctezuma: ✓ Setup complete
  Tlacaelel: Clicking intro links...
    Tlacaelel: ✓ Setup complete
  Cuauhtemoc: Clicking intro links...
    Cuauhtemoc: ✓ Setup complete
  Cortes: Clicking intro links...
    Cortes: ✓ Setup complete
  Alvarado: Clicking intro links...
    Alvarado: ✓ Setup complete
  Marina: Clicking intro links...
    Marina: ✓ Setup complete
  Xicotencatl_Elder: Clicking intro links...
    Xicotencatl_Elder: ✓ Setup complete
  Xicotencatl_Younger: Clicking intro links...
    Xicotencatl_Younger: ✓ Setup complete
Waiting for game to start and pages to render...
Game content loaded!

Game started! Beginning play-through...


=== Step 1 ===
Moctezuma:
  Links: Saves, Restart, the blessing that you seek
  Buttons: , , 
  → Clicked link: "Saves"
Tlacaelel:
  Links: Saves, Restart, the blessing that you seek
  Buttons: , , 
  → Clicked link: "Saves"
Cuauhtemoc:
  Links: Saves, Restart, the blessing that you seek
  Buttons: , , 
  → Clicked link: "Saves"
Cortes:
  Links: Saves, Restart, Without risk, there can be no reward
  Buttons: , , 
  → Clicked link: "Saves"
Alvarado:
  Links: Saves, Restart, Without risk, there can be no reward
  Buttons: , , 
  → Clicked link: "Saves"
Marina:
  Links: Saves, Restart, make note of this information, because it could be important later on
  Buttons: , , 
  → Clicked link: "Saves"
Xicotencatl_Elder:
  Links: Saves, Restart, the blessing that you seek
  Buttons: , , 
  → Clicked link: "Saves"
Xicotencatl_Younger:
  Links: Saves, Restart, the blessing that you seek
  Buttons: , , 
  → Clicked link: "Saves"

=== Step 2 ===
Moctezuma:
  Links: Saves, Restart, the blessing that you seek
  Buttons: , Save, Delete, Save, Delete, Save, Delete, Save, Delete, Save, Delete, Save, Delete, Save, Delete, Save, Delete, Save to Disk…, Load from Disk…, Delete All, , 
  → Clicked link: "Saves"
Tlacaelel:
  Links: Saves, Restart, the blessing that you seek
  Buttons: , Save, Delete, Save, Delete, Save, Delete, Save, Delete, Save, Delete, Save, Delete, Save, Delete, Save, Delete, Save to Disk…, Load from Disk…, Delete All, , 
  → Clicked link: "Saves"
Cuauhtemoc:
  Links: Saves, Restart, the blessing that you seek
  Buttons: , Save, Delete, Save, Delete, Save, Delete, Save, Delete, Save, Delete, Save, Delete, Save, Delete, Save, Delete, Save to Disk…, Load from Disk…, Delete All, , 
  → Clicked link: "Saves"
Cortes:
  Links: Saves, Restart, Without risk, there can be no reward
  Buttons: , Save, Delete, Save, Delete, Save, Delete, Save, Delete, Save, Delete, Save, Delete, Save, Delete, Save, Delete, Save to Disk…, Load from Disk…, Delete All, , 
  → Clicked link: "Saves"
Alvarado:
  Links: Saves, Restart, Without risk, there can be no reward
  Buttons: , Save, Delete, Save, Delete, Save, Delete, Save, Delete, Save, Delete, Save, Delete, Save, Delete, Save, Delete, Save to Disk…, Load from Disk…, Delete All, , 
  → Clicked link: "Saves"
Marina:
  Links: Saves, Restart, make note of this information, because it could be important later on
  Buttons: , Save, Delete, Save, Delete, Save, Delete, Save, Delete, Save, Delete, Save, Delete, Save, Delete, Save, Delete, Save to Disk…, Load from Disk…, Delete All, , 
  → Clicked link: "Saves"
Xicotencatl_Elder:
  Links: Saves, Restart, the blessing that you seek
  Buttons: , Save, Delete, Save, Delete, Save, Delete, Save, Delete, Save, Delete, Save, Delete, Save, Delete, Save, Delete, Save to Disk…, Load from Disk…, Delete All, , 
  → Clicked link: "Saves"
Xicotencatl_Younger:
  Links: Saves, Restart, the blessing that you seek
  Buttons: , Save, Delete, Save, Delete, Save, Delete, Save, Delete, Save, Delete, Save, Delete, Save, Delete, Save, Delete, Save to Disk…, Load from Disk…, Delete All, , 
  → Clicked link: "Saves"

=== Step 3 ===
Moctezuma:
  Links: Saves, Restart, the blessing that you seek
  Buttons: , Save, Delete, Save, Delete, Save, Delete, Save, Delete, Save, Delete, Save, Delete, Save, Delete, Save, Delete, Save to Disk…, Load from Disk…, Delete All, , 
  → Clicked link: "Saves"
Tlacaelel:
  Links: Saves, Restart, the blessing that you seek
  Buttons: , Save, Delete, Save, Delete, Save, Delete, Save, Delete, Save, Delete, Save, Delete, Save, Delete, Save, Delete, Save to Disk…, Load from Disk…, Delete All, , 
  → Clicked link: "Saves"
Cuauhtemoc:
  Links: Saves, Restart, the blessing that you seek
  Buttons: , Save, Delete, Save, Delete, Save, Delete, Save, Delete, Save, Delete, Save, Delete, Save, Delete, Save, Delete, Save to Disk…, Load from Disk…, Delete All, , 
  → Clicked link: "Saves"
Cortes:
  Links: Saves, Restart, Without risk, there can be no reward
  Buttons: , Save, Delete, Save, Delete, Save, Delete, Save, Delete, Save, Delete, Save, Delete, Save, Delete, Save, Delete, Save to Disk…, Load from Disk…, Delete All, , 
  → Clicked link: "Saves"
Alvarado:
  Links: Saves, Restart, Without risk, there can be no reward
  Buttons: , Save, Delete, Save, Delete, Save, Delete, Save, Delete, Save, Delete, Save, Delete, Save, Delete, Save, Delete, Save to Disk…, Load from Disk…, Delete All, , 
  → Clicked link: "Saves"
Marina:
  Links: Saves, Restart, make note of this information, because it could be important later on
  Buttons: , Save, Delete, Save, Delete, Save, Delete, Save, Delete, Save, Delete, Save, Delete, Save, Delete, Save, Delete, Save to Disk…, Load from Disk…, Delete All, , 
  → Clicked link: "Saves"
Xicotencatl_Elder:
  Links: Saves, Restart, the blessing that you seek
  Buttons: , Save, Delete, Save, Delete, Save, Delete, Save, Delete, Save, Delete, Save, Delete, Save, Delete, Save, Delete, Save to Disk…, Load from Disk…, Delete All, , 
  → Clicked link: "Saves"
Xicotencatl_Younger:
  Links: Saves, Restart, the blessing that you seek
  Buttons: , Save, Delete, Save, Delete, Save, Delete, Save, Delete, Save, Delete, Save, Delete, Save, Delete, Save, Delete, Save to Disk…, Load from Disk…, Delete All, , 
  → Clicked link: "Saves"

=== Step 4 ===
Moctezuma:
  Links: Saves, Restart, the blessing that you seek
  Buttons: , Save, Delete, Save, Delete, Save, Delete, Save, Delete, Save, Delete, Save, Delete, Save, Delete, Save, Delete, Save to Disk…, Load from Disk…, Delete All, , 
  → Clicked link: "Saves"
Tlacaelel:
  Links: Saves, Restart, the blessing that you seek
  Buttons: , Save, Delete, Save, Delete, Save, Delete, Save, Delete, Save, Delete, Save, Delete, Save, Delete, Save, Delete, Save to Disk…, Load from Disk…, Delete All, , 
  → Clicked link: "Saves"
Cuauhtemoc:
  Links: Saves, Restart, the blessing that you seek
  Buttons: , Save, Delete, Save, Delete, Save, Delete, Save, Delete, Save, Delete, Save, Delete, Save, Delete, Save, Delete, Save to Disk…, Load from Disk…, Delete All, , 
  → Clicked link: "Saves"
Cortes:
  Links: Saves, Restart, Without risk, there can be no reward
  Buttons: , Save, Delete, Save, Delete, Save, Delete, Save, Delete, Save, Delete, Save, Delete, Save, Delete, Save, Delete, Save to Disk…, Load from Disk…, Delete All, , 
  → Clicked link: "Saves"
Alvarado:
  Links: Saves, Restart, Without risk, there can be no reward
  Buttons: , Save, Delete, Save, Delete, Save, Delete, Save, Delete, Save, Delete, Save, Delete, Save, Delete, Save, Delete, Save to Disk…, Load from Disk…, Delete All, , 
  → Clicked link: "Saves"
Marina:
  Links: Saves, Restart, make note of this information, because it could be important later on
  Buttons: , Save, Delete, Save, Delete, Save, Delete, Save, Delete, Save, Delete, Save, Delete, Save, Delete, Save, Delete, Save to Disk…, Load from Disk…, Delete All, , 
  → Clicked link: "Saves"
Xicotencatl_Elder:
  Links: Saves, Restart, the blessing that you seek
  Buttons: , Save, Delete, Save, Delete, Save, Delete, Save, Delete, Save, Delete, Save, Delete, Save, Delete, Save, Delete, Save to Disk…, Load from Disk…, Delete All, , 
  → Clicked link: "Saves"
Xicotencatl_Younger:
  Links: Saves, Restart, the blessing that you seek
  Buttons: , Save, Delete, Save, Delete, Save, Delete, Save, Delete, Save, Delete, Save, Delete, Save, Delete, Save, Delete, Save to Disk…, Load from Disk…, Delete All, , 
  → Clicked link: "Saves"

=== Step 5 ===
Moctezuma:
  Links: Saves, Restart, the blessing that you seek
  Buttons: , Save, Delete, Save, Delete, Save, Delete, Save, Delete, Save, Delete, Save, Delete, Save, Delete, Save, Delete, Save to Disk…, Load from Disk…, Delete All, , 
  → Clicked link: "Saves"
Tlacaelel:
  Links: Saves, Restart, the blessing that you seek
  Buttons: , Save, Delete, Save, Delete, Save, Delete, Save, Delete, Save, Delete, Save, Delete, Save, Delete, Save, Delete, Save to Disk…, Load from Disk…, Delete All, , 
  → Clicked link: "Saves"
Cuauhtemoc:
  Links: Saves, Restart, the blessing that you seek
  Buttons: , Save, Delete, Save, Delete, Save, Delete, Save, Delete, Save, Delete, Save, Delete, Save, Delete, Save, Delete, Save to Disk…, Load from Disk…, Delete All, , 
  → Clicked link: "Saves"
Cortes:
  Links: Saves, Restart, Without risk, there can be no reward
  Buttons: , Save, Delete, Save, Delete, Save, Delete, Save, Delete, Save, Delete, Save, Delete, Save, Delete, Save, Delete, Save to Disk…, Load from Disk…, Delete All, , 
  → Clicked link: "Saves"
Alvarado:
  Links: Saves, Restart, Without risk, there can be no reward
  Buttons: , Save, Delete, Save, Delete, Save, Delete, Save, Delete, Save, Delete, Save, Delete, Save, Delete, Save, Delete, Save to Disk…, Load from Disk…, Delete All, , 
  → Clicked link: "Saves"
Marina:
  Links: Saves, Restart, make note of this information, because it could be important later on
  Buttons: , Save, Delete, Save, Delete, Save, Delete, Save, Delete, Save, Delete, Save, Delete, Save, Delete, Save, Delete, Save to Disk…, Load from Disk…, Delete All, , 
  → Clicked link: "Saves"
Xicotencatl_Elder:
  Links: Saves, Restart, the blessing that you seek
  Buttons: , Save, Delete, Save, Delete, Save, Delete, Save, Delete, Save, Delete, Save, Delete, Save, Delete, Save, Delete, Save to Disk…, Load from Disk…, Delete All, , 
  → Clicked link: "Saves"
Xicotencatl_Younger:
  Links: Saves, Restart, the blessing that you seek
  Buttons: , Save, Delete, Save, Delete, Save, Delete, Save, Delete, Save, Delete, Save, Delete, Save, Delete, Save, Delete, Save to Disk…, Load from Disk…, Delete All, , 
  → Clicked link: "Saves"

=== Step 6 ===
Moctezuma:
  Links: Saves, Restart, the blessing that you seek
  Buttons: , Save, Delete, Save, Delete, Save, Delete, Save, Delete, Save, Delete, Save, Delete, Save, Delete, Save, Delete, Save to Disk…, Load from Disk…, Delete All, , 
  → Clicked link: "Saves"
Tlacaelel:
  Links: Saves, Restart, the blessing that you seek
  Buttons: , Save, Delete, Save, Delete, Save, Delete, Save, Delete, Save, Delete, Save, Delete, Save, Delete, Save, Delete, Save to Disk…, Load from Disk…, Delete All, , 
  → Clicked link: "Saves"
Cuauhtemoc:
  Links: Saves, Restart, the blessing that you seek
  Buttons: , Save, Delete, Save, Delete, Save, Delete, Save, Delete, Save, Delete, Save, Delete, Save, Delete, Save, Delete, Save to Disk…, Load from Disk…, Delete All, , 
  → Clicked link: "Saves"
Cortes:
  Links: Saves, Restart, Without risk, there can be no reward
  Buttons: , Save, Delete, Save, Delete, Save, Delete, Save, Delete, Save, Delete, Save, Delete, Save, Delete, Save, Delete, Save to Disk…, Load from Disk…, Delete All, , 
  → Clicked link: "Saves"
Alvarado:
  Links: Saves, Restart, Without risk, there can be no reward
  Buttons: , Save, Delete, Save, Delete, Save, Delete, Save, Delete, Save, Delete, Save, Delete, Save, Delete, Save, Delete, Save to Disk…, Load from Disk…, Delete All, , 
  → Clicked link: "Saves"
Marina:
  Links: Saves, Restart, make note of this information, because it could be important later on
  Buttons: , Save, Delete, Save, Delete, Save, Delete, Save, Delete, Save, Delete, Save, Delete, Save, Delete, Save, Delete, Save to Disk…, Load from Disk…, Delete All, , 
  → Clicked link: "Saves"
Xicotencatl_Elder:
  Links: Saves, Restart, the blessing that you seek
  Buttons: , Save, Delete, Save, Delete, Save, Delete, Save, Delete, Save, Delete, Save, Delete, Save, Delete, Save, Delete, Save to Disk…, Load from Disk…, Delete All, , 
  → Clicked link: "Saves"
Xicotencatl_Younger:
  Links: Saves, Restart, the blessing that you seek
  Buttons: , Save, Delete, Save, Delete, Save, Delete, Save, Delete, Save, Delete, Save, Delete, Save, Delete, Save, Delete, Save to Disk…, Load from Disk…, Delete All, , 
  → Clicked link: "Saves"

=== Step 7 ===
Moctezuma:
  Links: Saves, Restart, the blessing that you seek
  Buttons: , Save, Delete, Save, Delete, Save, Delete, Save, Delete, Save, Delete, Save, Delete, Save, Delete, Save, Delete, Save to Disk…, Load from Disk…, Delete All, , 
  → Clicked link: "Saves"
Tlacaelel:
  Links: Saves, Restart, the blessing that you seek
  Buttons: , Save, Delete, Save, Delete, Save, Delete, Save, Delete, Save, Delete, Save, Delete, Save, Delete, Save, Delete, Save to Disk…, Load from Disk…, Delete All, , 
  → Clicked link: "Saves"
Cuauhtemoc:
  Links: Saves, Restart, the blessing that you seek
  Buttons: , Save, Delete, Save, Delete, Save, Delete, Save, Delete, Save, Delete, Save, Delete, Save, Delete, Save, Delete, Save to Disk…, Load from Disk…, Delete All, , 
  → Clicked link: "Saves"
Cortes:
  Links: Saves, Restart, Without risk, there can be no reward
  Buttons: , Save, Delete, Save, Delete, Save, Delete, Save, Delete, Save, Delete, Save, Delete, Save, Delete, Save, Delete, Save to Disk…, Load from Disk…, Delete All, , 
  → Clicked link: "Saves"
Alvarado:
  Links: Saves, Restart, Without risk, there can be no reward
  Buttons: , Save, Delete, Save, Delete, Save, Delete, Save, Delete, Save, Delete, Save, Delete, Save, Delete, Save, Delete, Save to Disk…, Load from Disk…, Delete All, , 
  → Clicked link: "Saves"
Marina:
  Links: Saves, Restart, make note of this information, because it could be important later on
  Buttons: , Save, Delete, Save, Delete, Save, Delete, Save, Delete, Save, Delete, Save, Delete, Save, Delete, Save, Delete, Save to Disk…, Load from Disk…, Delete All, , 
  → Clicked link: "Saves"
Xicotencatl_Elder:
  Links: Saves, Restart, the blessing that you seek
  Buttons: , Save, Delete, Save, Delete, Save, Delete, Save, Delete, Save, Delete, Save, Delete, Save, Delete, Save, Delete, Save to Disk…, Load from Disk…, Delete All, , 
  → Clicked link: "Saves"
Xicotencatl_Younger:
  Links: Saves, Restart, the blessing that you seek
  Buttons: , Save, Delete, Save, Delete, Save, Delete, Save, Delete, Save, Delete, Save, Delete, Save, Delete, Save, Delete, Save to Disk…, Load from Disk…, Delete All, , 
  → Clicked link: "Saves"

=== Step 8 ===
Moctezuma:
  Links: Saves, Restart, the blessing that you seek
  Buttons: , Save, Delete, Save, Delete, Save, Delete, Save, Delete, Save, Delete, Save, Delete, Save, Delete, Save, Delete, Save to Disk…, Load from Disk…, Delete All, , 
  → Clicked link: "Saves"
Tlacaelel:
  Links: Saves, Restart, the blessing that you seek
  Buttons: , Save, Delete, Save, Delete, Save, Delete, Save, Delete, Save, Delete, Save, Delete, Save, Delete, Save, Delete, Save to Disk…, Load from Disk…, Delete All, , 
  → Clicked link: "Saves"
Cuauhtemoc:
  Links: Saves, Restart, the blessing that you seek
  Buttons: , Save, Delete, Save, Delete, Save, Delete, Save, Delete, Save, Delete, Save, Delete, Save, Delete, Save, Delete, Save to Disk…, Load from Disk…, Delete All, , 
  → Clicked link: "Saves"
Cortes:
  Links: Saves, Restart, Without risk, there can be no reward
  Buttons: , Save, Delete, Save, Delete, Save, Delete, Save, Delete, Save, Delete, Save, Delete, Save, Delete, Save, Delete, Save to Disk…, Load from Disk…, Delete All, , 
  → Clicked link: "Saves"
Alvarado:
  Links: Saves, Restart, Without risk, there can be no reward
  Buttons: , Save, Delete, Save, Delete, Save, Delete, Save, Delete, Save, Delete, Save, Delete, Save, Delete, Save, Delete, Save to Disk…, Load from Disk…, Delete All, , 
  → Clicked link: "Saves"
Marina:
  Links: Saves, Restart, make note of this information, because it could be important later on
  Buttons: , Save, Delete, Save, Delete, Save, Delete, Save, Delete, Save, Delete, Save, Delete, Save, Delete, Save, Delete, Save to Disk…, Load from Disk…, Delete All, , 
  → Clicked link: "Saves"
Xicotencatl_Elder:
  Links: Saves, Restart, the blessing that you seek
  Buttons: , Save, Delete, Save, Delete, Save, Delete, Save, Delete, Save, Delete, Save, Delete, Save, Delete, Save, Delete, Save to Disk…, Load from Disk…, Delete All, , 
  → Clicked link: "Saves"
Xicotencatl_Younger:
  Links: Saves, Restart, the blessing that you seek
  Buttons: , Save, Delete, Save, Delete, Save, Delete, Save, Delete, Save, Delete, Save, Delete, Save, Delete, Save, Delete, Save to Disk…, Load from Disk…, Delete All, , 
  → Clicked link: "Saves"

=== Step 9 ===
Moctezuma:
  Links: Saves, Restart, the blessing that you seek
  Buttons: , Save, Delete, Save, Delete, Save, Delete, Save, Delete, Save, Delete, Save, Delete, Save, Delete, Save, Delete, Save to Disk…, Load from Disk…, Delete All, , 
  → Clicked link: "Saves"
Tlacaelel:
  Links: Saves, Restart, the blessing that you seek
  Buttons: , Save, Delete, Save, Delete, Save, Delete, Save, Delete, Save, Delete, Save, Delete, Save, Delete, Save, Delete, Save to Disk…, Load from Disk…, Delete All, , 
  → Clicked link: "Saves"
Cuauhtemoc:
  Links: Saves, Restart, the blessing that you seek
  Buttons: , Save, Delete, Save, Delete, Save, Delete, Save, Delete, Save, Delete, Save, Delete, Save, Delete, Save, Delete, Save to Disk…, Load from Disk…, Delete All, , 
  → Clicked link: "Saves"
Cortes:
  Links: Saves, Restart, Without risk, there can be no reward
  Buttons: , Save, Delete, Save, Delete, Save, Delete, Save, Delete, Save, Delete, Save, Delete, Save, Delete, Save, Delete, Save to Disk…, Load from Disk…, Delete All, , 
  → Clicked link: "Saves"
Alvarado:
  Links: Saves, Restart, Without risk, there can be no reward
  Buttons: , Save, Delete, Save, Delete, Save, Delete, Save, Delete, Save, Delete, Save, Delete, Save, Delete, Save, Delete, Save to Disk…, Load from Disk…, Delete All, , 
  → Clicked link: "Saves"
Marina:
  Links: Saves, Restart, make note of this information, because it could be important later on
  Buttons: , Save, Delete, Save, Delete, Save, Delete, Save, Delete, Save, Delete, Save, Delete, Save, Delete, Save, Delete, Save to Disk…, Load from Disk…, Delete All, , 
  → Clicked link: "Saves"
Xicotencatl_Elder:
  Links: Saves, Restart, the blessing that you seek
  Buttons: , Save, Delete, Save, Delete, Save, Delete, Save, Delete, Save, Delete, Save, Delete, Save, Delete, Save, Delete, Save to Disk…, Load from Disk…, Delete All, , 
  → Clicked link: "Saves"
Xicotencatl_Younger:
  Links: Saves, Restart, the blessing that you seek
  Buttons: , Save, Delete, Save, Delete, Save, Delete, Save, Delete, Save, Delete, Save, Delete, Save, Delete, Save, Delete, Save to Disk…, Load from Disk…, Delete All, , 
  → Clicked link: "Saves"

=== Step 10 ===
Moctezuma:
  Links: Saves, Restart, the blessing that you seek
  Buttons: , Save, Delete, Save, Delete, Save, Delete, Save, Delete, Save, Delete, Save, Delete, Save, Delete, Save, Delete, Save to Disk…, Load from Disk…, Delete All, , 
  → Clicked link: "Saves"
Tlacaelel:
  Links: Saves, Restart, the blessing that you seek
  Buttons: , Save, Delete, Save, Delete, Save, Delete, Save, Delete, Save, Delete, Save, Delete, Save, Delete, Save, Delete, Save to Disk…, Load from Disk…, Delete All, , 
  → Clicked link: "Saves"
Cuauhtemoc:
  Links: Saves, Restart, the blessing that you seek
  Buttons: , Save, Delete, Save, Delete, Save, Delete, Save, Delete, Save, Delete, Save, Delete, Save, Delete, Save, Delete, Save to Disk…, Load from Disk…, Delete All, , 
  → Clicked link: "Saves"
Cortes:
  Links: Saves, Restart, Without risk, there can be no reward
  Buttons: , Save, Delete, Save, Delete, Save, Delete, Save, Delete, Save, Delete, Save, Delete, Save, Delete, Save, Delete, Save to Disk…, Load from Disk…, Delete All, , 
  → Clicked link: "Saves"
Alvarado:
  Links: Saves, Restart, Without risk, there can be no reward
  Buttons: , Save, Delete, Save, Delete, Save, Delete, Save, Delete, Save, Delete, Save, Delete, Save, Delete, Save, Delete, Save to Disk…, Load from Disk…, Delete All, , 
  → Clicked link: "Saves"
Marina:
  Links: Saves, Restart, make note of this information, because it could be important later on
  Buttons: , Save, Delete, Save, Delete, Save, Delete, Save, Delete, Save, Delete, Save, Delete, Save, Delete, Save, Delete, Save to Disk…, Load from Disk…, Delete All, , 
  → Clicked link: "Saves"
Xicotencatl_Elder:
  Links: Saves, Restart, the blessing that you seek
  Buttons: , Save, Delete, Save, Delete, Save, Delete, Save, Delete, Save, Delete, Save, Delete, Save, Delete, Save, Delete, Save to Disk…, Load from Disk…, Delete All, , 
  → Clicked link: "Saves"
Xicotencatl_Younger:
  Links: Saves, Restart, the blessing that you seek
  Buttons: , Save, Delete, Save, Delete, Save, Delete, Save, Delete, Save, Delete, Save, Delete, Save, Delete, Save, Delete, Save to Disk…, Load from Disk…, Delete All, , 
  → Clicked link: "Saves"

=== Step 11 ===
Moctezuma:
  Links: Saves, Restart, the blessing that you seek
  Buttons: , Save, Delete, Save, Delete, Save, Delete, Save, Delete, Save, Delete, Save, Delete, Save, Delete, Save, Delete, Save to Disk…, Load from Disk…, Delete All, , 
  → Clicked link: "Saves"
Tlacaelel:
  Links: Saves, Restart, the blessing that you seek
  Buttons: , Save, Delete, Save, Delete, Save, Delete, Save, Delete, Save, Delete, Save, Delete, Save, Delete, Save, Delete, Save to Disk…, Load from Disk…, Delete All, , 
  → Clicked link: "Saves"
Cuauhtemoc:
  Links: Saves, Restart, the blessing that you seek
  Buttons: , Save, Delete, Save, Delete, Save, Delete, Save, Delete, Save, Delete, Save, Delete, Save, Delete, Save, Delete, Save to Disk…, Load from Disk…, Delete All, , 
  → Clicked link: "Saves"
Cortes:
  Links: Saves, Restart, Without risk, there can be no reward
  Buttons: , Save, Delete, Save, Delete, Save, Delete, Save, Delete, Save, Delete, Save, Delete, Save, Delete, Save, Delete, Save to Disk…, Load from Disk…, Delete All, , 
  → Clicked link: "Saves"
Alvarado:
  Links: Saves, Restart, Without risk, there can be no reward
  Buttons: , Save, Delete, Save, Delete, Save, Delete, Save, Delete, Save, Delete, Save, Delete, Save, Delete, Save, Delete, Save to Disk…, Load from Disk…, Delete All, , 
  → Clicked link: "Saves"
Marina:
  Links: Saves, Restart, make note of this information, because it could be important later on
  Buttons: , Save, Delete, Save, Delete, Save, Delete, Save, Delete, Save, Delete, Save, Delete, Save, Delete, Save, Delete, Save to Disk…, Load from Disk…, Delete All, , 
  → Clicked link: "Saves"
Xicotencatl_Elder:
  Links: Saves, Restart, the blessing that you seek
  Buttons: , Save, Delete, Save, Delete, Save, Delete, Save, Delete, Save, Delete, Save, Delete, Save, Delete, Save, Delete, Save to Disk…, Load from Disk…, Delete All, , 
  → Clicked link: "Saves"
Xicotencatl_Younger:
  Links: Saves, Restart, the blessing that you seek
  Buttons: , Save, Delete, Save, Delete, Save, Delete, Save, Delete, Save, Delete, Save, Delete, Save, Delete, Save, Delete, Save to Disk…, Load from Disk…, Delete All, , 
  → Clicked link: "Saves"

=== Step 12 ===
Moctezuma:
  Links: Saves, Restart, the blessing that you seek
  Buttons: , Save, Delete, Save, Delete, Save, Delete, Save, Delete, Save, Delete, Save, Delete, Save, Delete, Save, Delete, Save to Disk…, Load from Disk…, Delete All, , 
  → Clicked link: "Saves"
Tlacaelel:
  Links: Saves, Restart, the blessing that you seek
  Buttons: , Save, Delete, Save, Delete, Save, Delete, Save, Delete, Save, Delete, Save, Delete, Save, Delete, Save, Delete, Save to Disk…, Load from Disk…, Delete All, , 
  → Clicked link: "Saves"
Cuauhtemoc:
  Links: Saves, Restart, the blessing that you seek
  Buttons: , Save, Delete, Save, Delete, Save, Delete, Save, Delete, Save, Delete, Save, Delete, Save, Delete, Save, Delete, Save to Disk…, Load from Disk…, Delete All, , 
  → Clicked link: "Saves"
Cortes:
  Links: Saves, Restart, Without risk, there can be no reward
  Buttons: , Save, Delete, Save, Delete, Save, Delete, Save, Delete, Save, Delete, Save, Delete, Save, Delete, Save, Delete, Save to Disk…, Load from Disk…, Delete All, , 
  → Clicked link: "Saves"
Alvarado:
  Links: Saves, Restart, Without risk, there can be no reward
  Buttons: , Save, Delete, Save, Delete, Save, Delete, Save, Delete, Save, Delete, Save, Delete, Save, Delete, Save, Delete, Save to Disk…, Load from Disk…, Delete All, , 
  → Clicked link: "Saves"
Marina:
  Links: Saves, Restart, make note of this information, because it could be important later on
  Buttons: , Save, Delete, Save, Delete, Save, Delete, Save, Delete, Save, Delete, Save, Delete, Save, Delete, Save, Delete, Save to Disk…, Load from Disk…, Delete All, , 
  → Clicked link: "Saves"
Xicotencatl_Elder:
  Links: Saves, Restart, the blessing that you seek
  Buttons: , Save, Delete, Save, Delete, Save, Delete, Save, Delete, Save, Delete, Save, Delete, Save, Delete, Save, Delete, Save to Disk…, Load from Disk…, Delete All, , 
  → Clicked link: "Saves"
Xicotencatl_Younger:
  Links: Saves, Restart, the blessing that you seek
  Buttons: , Save, Delete, Save, Delete, Save, Delete, Save, Delete, Save, Delete, Save, Delete, Save, Delete, Save, Delete, Save to Disk…, Load from Disk…, Delete All, , 
  → Clicked link: "Saves"

=== Step 13 ===
Moctezuma:
  Links: Saves, Restart, the blessing that you seek
  Buttons: , Save, Delete, Save, Delete, Save, Delete, Save, Delete, Save, Delete, Save, Delete, Save, Delete, Save, Delete, Save to Disk…, Load from Disk…, Delete All, , 
  → Clicked link: "Saves"
Tlacaelel:
  Links: Saves, Restart, the blessing that you seek
  Buttons: , Save, Delete, Save, Delete, Save, Delete, Save, Delete, Save, Delete, Save, Delete, Save, Delete, Save, Delete, Save to Disk…, Load from Disk…, Delete All, , 
  → Clicked link: "Saves"
Cuauhtemoc:
  Links: Saves, Restart, the blessing that you seek
  Buttons: , Save, Delete, Save, Delete, Save, Delete, Save, Delete, Save, Delete, Save, Delete, Save, Delete, Save, Delete, Save to Disk…, Load from Disk…, Delete All, , 
  → Clicked link: "Saves"
Cortes:
  Links: Saves, Restart, Without risk, there can be no reward
  Buttons: , Save, Delete, Save, Delete, Save, Delete, Save, Delete, Save, Delete, Save, Delete, Save, Delete, Save, Delete, Save to Disk…, Load from Disk…, Delete All, , 
  → Clicked link: "Saves"
Alvarado:
  Links: Saves, Restart, Without risk, there can be no reward
  Buttons: , Save, Delete, Save, Delete, Save, Delete, Save, Delete, Save, Delete, Save, Delete, Save, Delete, Save, Delete, Save to Disk…, Load from Disk…, Delete All, , 
  → Clicked link: "Saves"
Marina:
  Links: Saves, Restart, make note of this information, because it could be important later on
  Buttons: , Save, Delete, Save, Delete, Save, Delete, Save, Delete, Save, Delete, Save, Delete, Save, Delete, Save, Delete, Save to Disk…, Load from Disk…, Delete All, , 
  → Clicked link: "Saves"
Xicotencatl_Elder:
  Links: Saves, Restart, the blessing that you seek
  Buttons: , Save, Delete, Save, Delete, Save, Delete, Save, Delete, Save, Delete, Save, Delete, Save, Delete, Save, Delete, Save to Disk…, Load from Disk…, Delete All, , 
  → Clicked link: "Saves"
Xicotencatl_Younger:
  Links: Saves, Restart, the blessing that you seek
  Buttons: , Save, Delete, Save, Delete, Save, Delete, Save, Delete, Save, Delete, Save, Delete, Save, Delete, Save, Delete, Save to Disk…, Load from Disk…, Delete All, , 
  → Clicked link: "Saves"

=== Step 14 ===
Moctezuma:
  Links: Saves, Restart, the blessing that you seek
  Buttons: , Save, Delete, Save, Delete, Save, Delete, Save, Delete, Save, Delete, Save, Delete, Save, Delete, Save, Delete, Save to Disk…, Load from Disk…, Delete All, , 
  → Clicked link: "Saves"
Tlacaelel:
  Links: Saves, Restart, the blessing that you seek
  Buttons: , Save, Delete, Save, Delete, Save, Delete, Save, Delete, Save, Delete, Save, Delete, Save, Delete, Save, Delete, Save to Disk…, Load from Disk…, Delete All, , 
  → Clicked link: "Saves"
Cuauhtemoc:
  Links: Saves, Restart, the blessing that you seek
  Buttons: , Save, Delete, Save, Delete, Save, Delete, Save, Delete, Save, Delete, Save, Delete, Save, Delete, Save, Delete, Save to Disk…, Load from Disk…, Delete All, , 
  → Clicked link: "Saves"
Cortes:
  Links: Saves, Restart, Without risk, there can be no reward
  Buttons: , Save, Delete, Save, Delete, Save, Delete, Save, Delete, Save, Delete, Save, Delete, Save, Delete, Save, Delete, Save to Disk…, Load from Disk…, Delete All, , 
  → Clicked link: "Saves"
Alvarado:
  Links: Saves, Restart, Without risk, there can be no reward
  Buttons: , Save, Delete, Save, Delete, Save, Delete, Save, Delete, Save, Delete, Save, Delete, Save, Delete, Save, Delete, Save to Disk…, Load from Disk…, Delete All, , 
  → Clicked link: "Saves"
Marina:
  Links: Saves, Restart, make note of this information, because it could be important later on
  Buttons: , Save, Delete, Save, Delete, Save, Delete, Save, Delete, Save, Delete, Save, Delete, Save, Delete, Save, Delete, Save to Disk…, Load from Disk…, Delete All, , 
  → Clicked link: "Saves"
Xicotencatl_Elder:
  Links: Saves, Restart, the blessing that you seek
  Buttons: , Save, Delete, Save, Delete, Save, Delete, Save, Delete, Save, Delete, Save, Delete, Save, Delete, Save, Delete, Save to Disk…, Load from Disk…, Delete All, , 
  → Clicked link: "Saves"
Xicotencatl_Younger:
  Links: Saves, Restart, the blessing that you seek
  Buttons: , Save, Delete, Save, Delete, Save, Delete, Save, Delete, Save, Delete, Save, Delete, Save, Delete, Save, Delete, Save to Disk…, Load from Disk…, Delete All, , 
  → Clicked link: "Saves"

=== Step 15 ===
Moctezuma:
  Links: Saves, Restart, the blessing that you seek
  Buttons: , Save, Delete, Save, Delete, Save, Delete, Save, Delete, Save, Delete, Save, Delete, Save, Delete, Save, Delete, Save to Disk…, Load from Disk…, Delete All, , 
  → Clicked link: "Saves"
Tlacaelel:
  Links: Saves, Restart, the blessing that you seek
  Buttons: , Save, Delete, Save, Delete, Save, Delete, Save, Delete, Save, Delete, Save, Delete, Save, Delete, Save, Delete, Save to Disk…, Load from Disk…, Delete All, , 
  → Clicked link: "Saves"
Cuauhtemoc:
  Links: Saves, Restart, the blessing that you seek
  Buttons: , Save, Delete, Save, Delete, Save, Delete, Save, Delete, Save, Delete, Save, Delete, Save, Delete, Save, Delete, Save to Disk…, Load from Disk…, Delete All, , 
  → Clicked link: "Saves"
Cortes:
  Links: Saves, Restart, Without risk, there can be no reward
  Buttons: , Save, Delete, Save, Delete, Save, Delete, Save, Delete, Save, Delete, Save, Delete, Save, Delete, Save, Delete, Save to Disk…, Load from Disk…, Delete All, , 
  → Clicked link: "Saves"
Alvarado:
  Links: Saves, Restart, Without risk, there can be no reward
  Buttons: , Save, Delete, Save, Delete, Save, Delete, Save, Delete, Save, Delete, Save, Delete, Save, Delete, Save, Delete, Save to Disk…, Load from Disk…, Delete All, , 
  → Clicked link: "Saves"
Marina:
  Links: Saves, Restart, make note of this information, because it could be important later on
  Buttons: , Save, Delete, Save, Delete, Save, Delete, Save, Delete, Save, Delete, Save, Delete, Save, Delete, Save, Delete, Save to Disk…, Load from Disk…, Delete All, , 
  → Clicked link: "Saves"
Xicotencatl_Elder:
  Links: Saves, Restart, the blessing that you seek
  Buttons: , Save, Delete, Save, Delete, Save, Delete, Save, Delete, Save, Delete, Save, Delete, Save, Delete, Save, Delete, Save to Disk…, Load from Disk…, Delete All, , 
  → Clicked link: "Saves"
Xicotencatl_Younger:
  Links: Saves, Restart, the blessing that you seek
  Buttons: , Save, Delete, Save, Delete, Save, Delete, Save, Delete, Save, Delete, Save, Delete, Save, Delete, Save, Delete, Save to Disk…, Load from Disk…, Delete All, , 
  → Clicked link: "Saves"

=== Step 16 ===
Moctezuma:
  Links: Saves, Restart, the blessing that you seek
  Buttons: , Save, Delete, Save, Delete, Save, Delete, Save, Delete, Save, Delete, Save, Delete, Save, Delete, Save, Delete, Save to Disk…, Load from Disk…, Delete All, , 
  → Clicked link: "Saves"
Tlacaelel:
  Links: Saves, Restart, the blessing that you seek
  Buttons: , Save, Delete, Save, Delete, Save, Delete, Save, Delete, Save, Delete, Save, Delete, Save, Delete, Save, Delete, Save to Disk…, Load from Disk…, Delete All, , 
  → Clicked link: "Saves"
Cuauhtemoc:
  Links: Saves, Restart, the blessing that you seek
  Buttons: , Save, Delete, Save, Delete, Save, Delete, Save, Delete, Save, Delete, Save, Delete, Save, Delete, Save, Delete, Save to Disk…, Load from Disk…, Delete All, , 
  → Clicked link: "Saves"
Cortes:
  Links: Saves, Restart, Without risk, there can be no reward
  Buttons: , Save, Delete, Save, Delete, Save, Delete, Save, Delete, Save, Delete, Save, Delete, Save, Delete, Save, Delete, Save to Disk…, Load from Disk…, Delete All, , 
  → Clicked link: "Saves"
Alvarado:
  Links: Saves, Restart, Without risk, there can be no reward
  Buttons: , Save, Delete, Save, Delete, Save, Delete, Save, Delete, Save, Delete, Save, Delete, Save, Delete, Save, Delete, Save to Disk…, Load from Disk…, Delete All, , 
  → Clicked link: "Saves"
Marina:
  Links: Saves, Restart, make note of this information, because it could be important later on
  Buttons: , Save, Delete, Save, Delete, Save, Delete, Save, Delete, Save, Delete, Save, Delete, Save, Delete, Save, Delete, Save to Disk…, Load from Disk…, Delete All, , 
  → Clicked link: "Saves"
Xicotencatl_Elder:
  Links: Saves, Restart, the blessing that you seek
  Buttons: , Save, Delete, Save, Delete, Save, Delete, Save, Delete, Save, Delete, Save, Delete, Save, Delete, Save, Delete, Save to Disk…, Load from Disk…, Delete All, , 
  → Clicked link: "Saves"
Xicotencatl_Younger:
  Links: Saves, Restart, the blessing that you seek
  Buttons: , Save, Delete, Save, Delete, Save, Delete, Save, Delete, Save, Delete, Save, Delete, Save, Delete, Save, Delete, Save to Disk…, Load from Disk…, Delete All, , 
  → Clicked link: "Saves"

=== Step 17 ===
Moctezuma:
  Links: Saves, Restart, the blessing that you seek
  Buttons: , Save, Delete, Save, Delete, Save, Delete, Save, Delete, Save, Delete, Save, Delete, Save, Delete, Save, Delete, Save to Disk…, Load from Disk…, Delete All, , 
  → Clicked link: "Saves"
Tlacaelel:
  Links: Saves, Restart, the blessing that you seek
  Buttons: , Save, Delete, Save, Delete, Save, Delete, Save, Delete, Save, Delete, Save, Delete, Save, Delete, Save, Delete, Save to Disk…, Load from Disk…, Delete All, , 
  → Clicked link: "Saves"
Cuauhtemoc:
  Links: Saves, Restart, the blessing that you seek
  Buttons: , Save, Delete, Save, Delete, Save, Delete, Save, Delete, Save, Delete, Save, Delete, Save, Delete, Save, Delete, Save to Disk…, Load from Disk…, Delete All, , 
  → Clicked link: "Saves"
Cortes:
  Links: Saves, Restart, Without risk, there can be no reward
  Buttons: , Save, Delete, Save, Delete, Save, Delete, Save, Delete, Save, Delete, Save, Delete, Save, Delete, Save, Delete, Save to Disk…, Load from Disk…, Delete All, , 
  → Clicked link: "Saves"
Alvarado:
  Links: Saves, Restart, Without risk, there can be no reward
  Buttons: , Save, Delete, Save, Delete, Save, Delete, Save, Delete, Save, Delete, Save, Delete, Save, Delete, Save, Delete, Save to Disk…, Load from Disk…, Delete All, , 
  → Clicked link: "Saves"
Marina:
  Links: Saves, Restart, make note of this information, because it could be important later on
  Buttons: , Save, Delete, Save, Delete, Save, Delete, Save, Delete, Save, Delete, Save, Delete, Save, Delete, Save, Delete, Save to Disk…, Load from Disk…, Delete All, , 
  → Clicked link: "Saves"
Xicotencatl_Elder:
  Links: Saves, Restart, the blessing that you seek
  Buttons: , Save, Delete, Save, Delete, Save, Delete, Save, Delete, Save, Delete, Save, Delete, Save, Delete, Save, Delete, Save to Disk…, Load from Disk…, Delete All, , 
  → Clicked link: "Saves"
Xicotencatl_Younger:
  Links: Saves, Restart, the blessing that you seek
  Buttons: , Save, Delete, Save, Delete, Save, Delete, Save, Delete, Save, Delete, Save, Delete, Save, Delete, Save, Delete, Save to Disk…, Load from Disk…, Delete All, , 
  → Clicked link: "Saves"

=== Step 18 ===
Moctezuma:
  Links: Saves, Restart, the blessing that you seek
  Buttons: , Save, Delete, Save, Delete, Save, Delete, Save, Delete, Save, Delete, Save, Delete, Save, Delete, Save, Delete, Save to Disk…, Load from Disk…, Delete All, , 
  → Clicked link: "Saves"
Tlacaelel:
  Links: Saves, Restart, the blessing that you seek
  Buttons: , Save, Delete, Save, Delete, Save, Delete, Save, Delete, Save, Delete, Save, Delete, Save, Delete, Save, Delete, Save to Disk…, Load from Disk…, Delete All, , 
  → Clicked link: "Saves"
Cuauhtemoc:
  Links: Saves, Restart, the blessing that you seek
  Buttons: , Save, Delete, Save, Delete, Save, Delete, Save, Delete, Save, Delete, Save, Delete, Save, Delete, Save, Delete, Save to Disk…, Load from Disk…, Delete All, , 
  → Clicked link: "Saves"
Cortes:
  Links: Saves, Restart, Without risk, there can be no reward
  Buttons: , Save, Delete, Save, Delete, Save, Delete, Save, Delete, Save, Delete, Save, Delete, Save, Delete, Save, Delete, Save to Disk…, Load from Disk…, Delete All, , 
  → Clicked link: "Saves"
Alvarado:
  Links: Saves, Restart, Without risk, there can be no reward
  Buttons: , Save, Delete, Save, Delete, Save, Delete, Save, Delete, Save, Delete, Save, Delete, Save, Delete, Save, Delete, Save to Disk…, Load from Disk…, Delete All, , 
  → Clicked link: "Saves"
Marina:
  Links: Saves, Restart, make note of this information, because it could be important later on
  Buttons: , Save, Delete, Save, Delete, Save, Delete, Save, Delete, Save, Delete, Save, Delete, Save, Delete, Save, Delete, Save to Disk…, Load from Disk…, Delete All, , 
  → Clicked link: "Saves"
Xicotencatl_Elder:
  Links: Saves, Restart, the blessing that you seek
  Buttons: , Save, Delete, Save, Delete, Save, Delete, Save, Delete, Save, Delete, Save, Delete, Save, Delete, Save, Delete, Save to Disk…, Load from Disk…, Delete All, , 
  → Clicked link: "Saves"
Xicotencatl_Younger:
  Links: Saves, Restart, the blessing that you seek
  Buttons: , Save, Delete, Save, Delete, Save, Delete, Save, Delete, Save, Delete, Save, Delete, Save, Delete, Save, Delete, Save to Disk…, Load from Disk…, Delete All, , 
  → Clicked link: "Saves"

=== Step 19 ===
Moctezuma:
  Links: Saves, Restart, the blessing that you seek
  Buttons: , Save, Delete, Save, Delete, Save, Delete, Save, Delete, Save, Delete, Save, Delete, Save, Delete, Save, Delete, Save to Disk…, Load from Disk…, Delete All, , 
  → Clicked link: "Saves"
Tlacaelel:
  Links: Saves, Restart, the blessing that you seek
  Buttons: , Save, Delete, Save, Delete, Save, Delete, Save, Delete, Save, Delete, Save, Delete, Save, Delete, Save, Delete, Save to Disk…, Load from Disk…, Delete All, , 
  → Clicked link: "Saves"
Cuauhtemoc:
  Links: Saves, Restart, the blessing that you seek
  Buttons: , Save, Delete, Save, Delete, Save, Delete, Save, Delete, Save, Delete, Save, Delete, Save, Delete, Save, Delete, Save to Disk…, Load from Disk…, Delete All, , 
  → Clicked link: "Saves"
Cortes:
  Links: Saves, Restart, Without risk, there can be no reward
  Buttons: , Save, Delete, Save, Delete, Save, Delete, Save, Delete, Save, Delete, Save, Delete, Save, Delete, Save, Delete, Save to Disk…, Load from Disk…, Delete All, , 
  → Clicked link: "Saves"
Alvarado:
  Links: Saves, Restart, Without risk, there can be no reward
  Buttons: , Save, Delete, Save, Delete, Save, Delete, Save, Delete, Save, Delete, Save, Delete, Save, Delete, Save, Delete, Save to Disk…, Load from Disk…, Delete All, , 
  → Clicked link: "Saves"
Marina:
  Links: Saves, Restart, make note of this information, because it could be important later on
  Buttons: , Save, Delete, Save, Delete, Save, Delete, Save, Delete, Save, Delete, Save, Delete, Save, Delete, Save, Delete, Save to Disk…, Load from Disk…, Delete All, , 
  → Clicked link: "Saves"
Xicotencatl_Elder:
  Links: Saves, Restart, the blessing that you seek
  Buttons: , Save, Delete, Save, Delete, Save, Delete, Save, Delete, Save, Delete, Save, Delete, Save, Delete, Save, Delete, Save to Disk…, Load from Disk…, Delete All, , 
  → Clicked link: "Saves"
Xicotencatl_Younger:
  Links: Saves, Restart, the blessing that you seek
  Buttons: , Save, Delete, Save, Delete, Save, Delete, Save, Delete, Save, Delete, Save, Delete, Save, Delete, Save, Delete, Save to Disk…, Load from Disk…, Delete All, , 
  → Clicked link: "Saves"

=== Step 20 ===
Moctezuma:
  Links: Saves, Restart, the blessing that you seek
  Buttons: , Save, Delete, Save, Delete, Save, Delete, Save, Delete, Save, Delete, Save, Delete, Save, Delete, Save, Delete, Save to Disk…, Load from Disk…, Delete All, , 
  → Clicked link: "Saves"
Tlacaelel:
  Links: Saves, Restart, the blessing that you seek
  Buttons: , Save, Delete, Save, Delete, Save, Delete, Save, Delete, Save, Delete, Save, Delete, Save, Delete, Save, Delete, Save to Disk…, Load from Disk…, Delete All, , 
  → Clicked link: "Saves"
Cuauhtemoc:
  Links: Saves, Restart, the blessing that you seek
  Buttons: , Save, Delete, Save, Delete, Save, Delete, Save, Delete, Save, Delete, Save, Delete, Save, Delete, Save, Delete, Save to Disk…, Load from Disk…, Delete All, , 
  → Clicked link: "Saves"
Cortes:
  Links: Saves, Restart, Without risk, there can be no reward
  Buttons: , Save, Delete, Save, Delete, Save, Delete, Save, Delete, Save, Delete, Save, Delete, Save, Delete, Save, Delete, Save to Disk…, Load from Disk…, Delete All, , 
  → Clicked link: "Saves"
Alvarado:
  Links: Saves, Restart, Without risk, there can be no reward
  Buttons: , Save, Delete, Save, Delete, Save, Delete, Save, Delete, Save, Delete, Save, Delete, Save, Delete, Save, Delete, Save to Disk…, Load from Disk…, Delete All, , 
  → Clicked link: "Saves"
Marina:
  Links: Saves, Restart, make note of this information, because it could be important later on
  Buttons: , Save, Delete, Save, Delete, Save, Delete, Save, Delete, Save, Delete, Save, Delete, Save, Delete, Save, Delete, Save to Disk…, Load from Disk…, Delete All, , 
  → Clicked link: "Saves"
Xicotencatl_Elder:
  Links: Saves, Restart, the blessing that you seek
  Buttons: , Save, Delete, Save, Delete, Save, Delete, Save, Delete, Save, Delete, Save, Delete, Save, Delete, Save, Delete, Save to Disk…, Load from Disk…, Delete All, , 
  → Clicked link: "Saves"
Xicotencatl_Younger:
  Links: Saves, Restart, the blessing that you seek
  Buttons: , Save, Delete, Save, Delete, Save, Delete, Save, Delete, Save, Delete, Save, Delete, Save, Delete, Save, Delete, Save to Disk…, Load from Disk…, Delete All, , 
  → Clicked link: "Saves"

=== Step 21 ===
Moctezuma:
  Links: Saves, Restart, the blessing that you seek
  Buttons: , Save, Delete, Save, Delete, Save, Delete, Save, Delete, Save, Delete, Save, Delete, Save, Delete, Save, Delete, Save to Disk…, Load from Disk…, Delete All, , 
  → Clicked link: "Saves"
Tlacaelel:
  Links: Saves, Restart, the blessing that you seek
  Buttons: , Save, Delete, Save, Delete, Save, Delete, Save, Delete, Save, Delete, Save, Delete, Save, Delete, Save, Delete, Save to Disk…, Load from Disk…, Delete All, , 
  → Clicked link: "Saves"
Cuauhtemoc:
  Links: Saves, Restart, the blessing that you seek
  Buttons: , Save, Delete, Save, Delete, Save, Delete, Save, Delete, Save, Delete, Save, Delete, Save, Delete, Save, Delete, Save to Disk…, Load from Disk…, Delete All, , 
  → Clicked link: "Saves"
Cortes:
  Links: Saves, Restart, Without risk, there can be no reward
  Buttons: , Save, Delete, Save, Delete, Save, Delete, Save, Delete, Save, Delete, Save, Delete, Save, Delete, Save, Delete, Save to Disk…, Load from Disk…, Delete All, , 
  → Clicked link: "Saves"
Alvarado:
  Links: Saves, Restart, Without risk, there can be no reward
  Buttons: , Save, Delete, Save, Delete, Save, Delete, Save, Delete, Save, Delete, Save, Delete, Save, Delete, Save, Delete, Save to Disk…, Load from Disk…, Delete All, , 
  → Clicked link: "Saves"
Marina:
  Links: Saves, Restart, make note of this information, because it could be important later on
  Buttons: , Save, Delete, Save, Delete, Save, Delete, Save, Delete, Save, Delete, Save, Delete, Save, Delete, Save, Delete, Save to Disk…, Load from Disk…, Delete All, , 
  → Clicked link: "Saves"
Xicotencatl_Elder:
  Links: Saves, Restart, the blessing that you seek
  Buttons: , Save, Delete, Save, Delete, Save, Delete, Save, Delete, Save, Delete, Save, Delete, Save, Delete, Save, Delete, Save to Disk…, Load from Disk…, Delete All, , 
  → Clicked link: "Saves"
Xicotencatl_Younger:
  Links: Saves, Restart, the blessing that you seek
  Buttons: , Save, Delete, Save, Delete, Save, Delete, Save, Delete, Save, Delete, Save, Delete, Save, Delete, Save, Delete, Save to Disk…, Load from Disk…, Delete All, , 
  → Clicked link: "Saves"

=== Step 22 ===
Moctezuma:
  Links: Saves, Restart, the blessing that you seek
  Buttons: , Save, Delete, Save, Delete, Save, Delete, Save, Delete, Save, Delete, Save, Delete, Save, Delete, Save, Delete, Save to Disk…, Load from Disk…, Delete All, , 
  → Clicked link: "Saves"
Tlacaelel:
  Links: Saves, Restart, the blessing that you seek
  Buttons: , Save, Delete, Save, Delete, Save, Delete, Save, Delete, Save, Delete, Save, Delete, Save, Delete, Save, Delete, Save to Disk…, Load from Disk…, Delete All, , 
  → Clicked link: "Saves"
Cuauhtemoc:
  Links: Saves, Restart, the blessing that you seek
  Buttons: , Save, Delete, Save, Delete, Save, Delete, Save, Delete, Save, Delete, Save, Delete, Save, Delete, Save, Delete, Save to Disk…, Load from Disk…, Delete All, , 
  → Clicked link: "Saves"
Cortes:
  Links: Saves, Restart, Without risk, there can be no reward
  Buttons: , Save, Delete, Save, Delete, Save, Delete, Save, Delete, Save, Delete, Save, Delete, Save, Delete, Save, Delete, Save to Disk…, Load from Disk…, Delete All, , 
  → Clicked link: "Saves"
Alvarado:
  Links: Saves, Restart, Without risk, there can be no reward
  Buttons: , Save, Delete, Save, Delete, Save, Delete, Save, Delete, Save, Delete, Save, Delete, Save, Delete, Save, Delete, Save to Disk…, Load from Disk…, Delete All, , 
  → Clicked link: "Saves"
Marina:
  Links: Saves, Restart, make note of this information, because it could be important later on
  Buttons: , Save, Delete, Save, Delete, Save, Delete, Save, Delete, Save, Delete, Save, Delete, Save, Delete, Save, Delete, Save to Disk…, Load from Disk…, Delete All, , 
  → Clicked link: "Saves"
Xicotencatl_Elder:
  Links: Saves, Restart, the blessing that you seek
  Buttons: , Save, Delete, Save, Delete, Save, Delete, Save, Delete, Save, Delete, Save, Delete, Save, Delete, Save, Delete, Save to Disk…, Load from Disk…, Delete All, , 
  → Clicked link: "Saves"
Xicotencatl_Younger:
  Links: Saves, Restart, the blessing that you seek
  Buttons: , Save, Delete, Save, Delete, Save, Delete, Save, Delete, Save, Delete, Save, Delete, Save, Delete, Save, Delete, Save to Disk…, Load from Disk…, Delete All, , 
  → Clicked link: "Saves"

=== Step 23 ===
Moctezuma:
  Links: Saves, Restart, the blessing that you seek
  Buttons: , Save, Delete, Save, Delete, Save, Delete, Save, Delete, Save, Delete, Save, Delete, Save, Delete, Save, Delete, Save to Disk…, Load from Disk…, Delete All, , 
  → Clicked link: "Saves"
Tlacaelel:
  Links: Saves, Restart, the blessing that you seek
  Buttons: , Save, Delete, Save, Delete, Save, Delete, Save, Delete, Save, Delete, Save, Delete, Save, Delete, Save, Delete, Save to Disk…, Load from Disk…, Delete All, , 
  → Clicked link: "Saves"
Cuauhtemoc:
  Links: Saves, Restart, the blessing that you seek
  Buttons: , Save, Delete, Save, Delete, Save, Delete, Save, Delete, Save, Delete, Save, Delete, Save, Delete, Save, Delete, Save to Disk…, Load from Disk…, Delete All, , 
  → Clicked link: "Saves"
Cortes:
  Links: Saves, Restart, Without risk, there can be no reward
  Buttons: , Save, Delete, Save, Delete, Save, Delete, Save, Delete, Save, Delete, Save, Delete, Save, Delete, Save, Delete, Save to Disk…, Load from Disk…, Delete All, , 
  → Clicked link: "Saves"
Alvarado:
  Links: Saves, Restart, Without risk, there can be no reward
  Buttons: , Save, Delete, Save, Delete, Save, Delete, Save, Delete, Save, Delete, Save, Delete, Save, Delete, Save, Delete, Save to Disk…, Load from Disk…, Delete All, , 
  → Clicked link: "Saves"
Marina:
  Links: Saves, Restart, make note of this information, because it could be important later on
  Buttons: , Save, Delete, Save, Delete, Save, Delete, Save, Delete, Save, Delete, Save, Delete, Save, Delete, Save, Delete, Save to Disk…, Load from Disk…, Delete All, , 
  → Clicked link: "Saves"
Xicotencatl_Elder:
  Links: Saves, Restart, the blessing that you seek
  Buttons: , Save, Delete, Save, Delete, Save, Delete, Save, Delete, Save, Delete, Save, Delete, Save, Delete, Save, Delete, Save to Disk…, Load from Disk…, Delete All, , 
  → Clicked link: "Saves"
Xicotencatl_Younger:
  Links: Saves, Restart, the blessing that you seek
  Buttons: , Save, Delete, Save, Delete, Save, Delete, Save, Delete, Save, Delete, Save, Delete, Save, Delete, Save, Delete, Save to Disk…, Load from Disk…, Delete All, , 
  → Clicked link: "Saves"

=== Step 24 ===
Moctezuma:
  Links: Saves, Restart, the blessing that you seek
  Buttons: , Save, Delete, Save, Delete, Save, Delete, Save, Delete, Save, Delete, Save, Delete, Save, Delete, Save, Delete, Save to Disk…, Load from Disk…, Delete All, , 
  → Clicked link: "Saves"
Tlacaelel:
  Links: Saves, Restart, the blessing that you seek
  Buttons: , Save, Delete, Save, Delete, Save, Delete, Save, Delete, Save, Delete, Save, Delete, Save, Delete, Save, Delete, Save to Disk…, Load from Disk…, Delete All, , 
  → Clicked link: "Saves"
Cuauhtemoc:
  Links: Saves, Restart, the blessing that you seek
  Buttons: , Save, Delete, Save, Delete, Save, Delete, Save, Delete, Save, Delete, Save, Delete, Save, Delete, Save, Delete, Save to Disk…, Load from Disk…, Delete All, , 
  → Clicked link: "Saves"
Cortes:
  Links: Saves, Restart, Without risk, there can be no reward
  Buttons: , Save, Delete, Save, Delete, Save, Delete, Save, Delete, Save, Delete, Save, Delete, Save, Delete, Save, Delete, Save to Disk…, Load from Disk…, Delete All, , 
  → Clicked link: "Saves"
Alvarado:
  Links: Saves, Restart, Without risk, there can be no reward
  Buttons: , Save, Delete, Save, Delete, Save, Delete, Save, Delete, Save, Delete, Save, Delete, Save, Delete, Save, Delete, Save to Disk…, Load from Disk…, Delete All, , 
  → Clicked link: "Saves"
Marina:
  Links: Saves, Restart, make note of this information, because it could be important later on
  Buttons: , Save, Delete, Save, Delete, Save, Delete, Save, Delete, Save, Delete, Save, Delete, Save, Delete, Save, Delete, Save to Disk…, Load from Disk…, Delete All, , 
  → Clicked link: "Saves"
Xicotencatl_Elder:
  Links: Saves, Restart, the blessing that you seek
  Buttons: , Save, Delete, Save, Delete, Save, Delete, Save, Delete, Save, Delete, Save, Delete, Save, Delete, Save, Delete, Save to Disk…, Load from Disk…, Delete All, , 
  → Clicked link: "Saves"
Xicotencatl_Younger:
  Links: Saves, Restart, the blessing that you seek
  Buttons: , Save, Delete, Save, Delete, Save, Delete, Save, Delete, Save, Delete, Save, Delete, Save, Delete, Save, Delete, Save to Disk…, Load from Disk…, Delete All, , 
  → Clicked link: "Saves"

=== Step 25 ===
  [object Object]: Error getting page state - Attempted to use detached Frame 'AE23A6717F77088626A894B5FEBF74A2'.
  [object Object]: Error getting page state - Attempted to use detached Frame 'EA2F852B8E286037BF881F6472984B29'.
  [object Object]: Error getting page state - Attempted to use detached Frame '1003FEC6B89AA6F269304C549735E280'.
  [object Object]: Error getting page state - Attempted to use detached Frame '893195F60260914F198738E4EA42A5B2'.
  [object Object]: Error getting page state - Attempted to use detached Frame '57B1AD50F7DE3C0F631F6DA01E68EAF2'.
  [object Object]: Error getting page state - Attempted to use detached Frame 'E82B90BBD754092F5D7B8CA8208D9BD1'.
  [object Object]: Error getting page state - Attempted to use detached Frame 'A32747FFC311145587C78CA1B6CF3270'.
  [object Object]: Error getting page state - Attempted to use detached Frame '8C4BE6413A465E16528171258875A416'.

No more actions available. Game may be complete!

Game log saved to: game-flow-log.json
Total steps: 25

Browser will remain open for 30 seconds for inspection...
