Unity Editor version:    6000.0.23f1 (1c4764c07fb4)
Branch:                  6000.0/staging
Build type:              Release
Batch mode:              YES
macOS version:           Version 15.7.3 (Build 24G419)
Darwin version:          24.6.0
Architecture:            x86_64
Running under Rosetta:   NO
Available memory:        32768 MB
[Licensing::Module] Trying to connect to existing licensing client channel...
[Licensing::IpcConnector] Successfully connected to the License Client on channel: "LicenseClient-pstdenis" at "2026-01-15T21:34:52.378424Z"
[Licensing::Client] Error: Code 10 while verifying Licensing Client signature (process Id: 2723, path: "/Applications/Unity Hub.app/Contents/Frameworks/UnityLicensingClient_V1.app/Contents/MacOS/Unity.Licensing.Client")
[Licensing::Module] Error: LicensingClient has failed validation; ignoring
[Licensing::Client] Handshaking with LicensingClient:
  Version:                 1.17.4+4293ba1
  Session Id:              3d3698a3fef14072a701bae8ee53d70f
  Correlation Id:          b7b718d72d9b53cd6fe10130cc704bf0
  External correlation Id: 4124372751441322294
  Machine Id:              f2T8Z2sCj1lS5zslNL1Sez2Hkds=
[Licensing::Module] Successfully connected to LicensingClient on channel: "LicenseClient-pstdenis" (connect: 0.00s, validation: 0.01s, handshake: 0.56s)
[Licensing::IpcConnector] Successfully connected to the License Notification on channel: "LicenseClient-pstdenis-notifications" at "2026-01-15T21:34:52.953344Z"
[Licensing::Module] Error: Access token is unavailable; failed to update
[Licensing::Client] Successfully updated license
[Licensing::Client] Successfully resolved entitlement details
[Licensing::Module] Serial number assigned to: "2149641-UnityPersXXXX"
Pro License: NO
[Licensing::Client] Successfully resolved entitlement details
Launching external process: /Applications/Unity/Hub/Editor/6000.0.23f1/Unity.app/Contents/Resources/PackageManager/Server/UnityPackageManager

COMMAND LINE ARGUMENTS:
/Applications/Unity/Hub/Editor/6000.0.23f1/Unity.app/Contents/MacOS/Unity
-batchmode
-nographics
-quit
-projectPath
Unity
-executeMethod
SceneGenerator.GenerateAllScenes
-logFile
unity_scene_gen.log
Successfully changed project path to: /Users/pstdenis/Desktop/Aztec/Unity
/Users/pstdenis/Desktop/Aztec/Unity
[UnityMemory] Configuration Parameters - Can be set up in boot.config
    "memorysetup-bucket-allocator-granularity=16"
    "memorysetup-bucket-allocator-bucket-count=8"
    "memorysetup-bucket-allocator-block-size=33554432"
    "memorysetup-bucket-allocator-block-count=8"
    "memorysetup-main-allocator-block-size=16777216"
    "memorysetup-thread-allocator-block-size=16777216"
    "memorysetup-gfx-main-allocator-block-size=16777216"
    "memorysetup-gfx-thread-allocator-block-size=16777216"
    "memorysetup-cache-allocator-block-size=4194304"
    "memorysetup-typetree-allocator-block-size=2097152"
    "memorysetup-profiler-bucket-allocator-granularity=16"
    "memorysetup-profiler-bucket-allocator-bucket-count=8"
    "memorysetup-profiler-bucket-allocator-block-size=33554432"
    "memorysetup-profiler-bucket-allocator-block-count=8"
    "memorysetup-profiler-allocator-block-size=16777216"
    "memorysetup-profiler-editor-allocator-block-size=1048576"
    "memorysetup-temp-allocator-size-main=16777216"
    "memorysetup-job-temp-allocator-block-size=2097152"
    "memorysetup-job-temp-allocator-block-size-background=1048576"
    "memorysetup-job-temp-allocator-reduction-small-platforms=262144"
    "memorysetup-allocator-temp-initial-block-size-main=262144"
    "memorysetup-allocator-temp-initial-block-size-worker=262144"
    "memorysetup-temp-allocator-size-background-worker=32768"
    "memorysetup-temp-allocator-size-job-worker=262144"
    "memorysetup-temp-allocator-size-preload-manager=33554432"
    "memorysetup-temp-allocator-size-nav-mesh-worker=65536"
    "memorysetup-temp-allocator-size-audio-worker=65536"
    "memorysetup-temp-allocator-size-cloud-worker=32768"
    "memorysetup-temp-allocator-size-gi-baking-worker=262144"
    "memorysetup-temp-allocator-size-gi-baking-worker=262144"
    "memorysetup-temp-allocator-size-gi-baking-worker=262144"
    "memorysetup-temp-allocator-size-gi-baking-worker=262144"
    "memorysetup-temp-allocator-size-gi-baking-worker=262144"
    "memorysetup-temp-allocator-size-gfx=262144"
Player connection [140704441499904]  Target information:

Player connection [140704441499904]  * "[IP] 129.49.17.178 [Port] 55504 [Flags] 2 [Guid] 191034997 [EditorId] 191034997 [Version] 1048832 [Id] OSXEditor(0,huey-tll) [Debug] 1 [PackageName] OSXEditor [ProjectName] Editor" 

Player connection [140704441499904]  * "[IP] 192.168.0.154 [Port] 55504 [Flags] 2 [Guid] 191034997 [EditorId] 191034997 [Version] 1048832 [Id] OSXEditor(0,huey-tll) [Debug] 1 [PackageName] OSXEditor [ProjectName] Editor" 

Player connection [140704441499904] Host joined multi-casting on [225.0.0.222:54997]...
Player connection [140704441499904] Host joined alternative multi-casting on [225.0.0.222:34997]...
[Physics::Module] Initialized fallback backend.
[Physics::Module] Id: 0xdecafbad
[Package Manager] Connected to IPC stream "Upm-67934" after 0.3 seconds.
Library Redirect Path: Library/
[Package Manager] Restoring resolved packages state from cache
[Licensing::Client] Successfully resolved entitlement details
[Package Manager] Registered 56 packages:
  Packages from [https://packages.unity.com]:
    com.unity.nuget.newtonsoft-json@3.2.1 (location: /Users/pstdenis/Desktop/Aztec/Unity/Library/PackageCache/com.unity.nuget.newtonsoft-json)
    com.unity.ai.navigation@2.0.4 (location: /Users/pstdenis/Desktop/Aztec/Unity/Library/PackageCache/com.unity.ai.navigation)
    com.unity.ide.rider@3.0.31 (location: /Users/pstdenis/Desktop/Aztec/Unity/Library/PackageCache/com.unity.ide.rider)
    com.unity.ide.visualstudio@2.0.22 (location: /Users/pstdenis/Desktop/Aztec/Unity/Library/PackageCache/com.unity.ide.visualstudio)
    com.unity.inputsystem@1.11.1 (location: /Users/pstdenis/Desktop/Aztec/Unity/Library/PackageCache/com.unity.inputsystem)
    com.unity.test-framework@1.4.5 (location: /Users/pstdenis/Desktop/Aztec/Unity/Library/PackageCache/com.unity.test-framework)
    com.unity.timeline@1.8.7 (location: /Users/pstdenis/Desktop/Aztec/Unity/Library/PackageCache/com.unity.timeline)
    com.unity.visualscripting@1.9.4 (location: /Users/pstdenis/Desktop/Aztec/Unity/Library/PackageCache/com.unity.visualscripting)
    com.unity.ext.nunit@2.0.5 (location: /Users/pstdenis/Desktop/Aztec/Unity/Library/PackageCache/com.unity.ext.nunit)
    com.unity.searcher@4.9.2 (location: /Users/pstdenis/Desktop/Aztec/Unity/Library/PackageCache/com.unity.searcher)
    com.unity.burst@1.8.18 (location: /Users/pstdenis/Desktop/Aztec/Unity/Library/PackageCache/com.unity.burst)
    com.unity.mathematics@1.3.2 (location: /Users/pstdenis/Desktop/Aztec/Unity/Library/PackageCache/com.unity.mathematics)
    com.unity.collections@2.5.1 (location: /Users/pstdenis/Desktop/Aztec/Unity/Library/PackageCache/com.unity.collections)
    com.unity.nuget.mono-cecil@1.11.4 (location: /Users/pstdenis/Desktop/Aztec/Unity/Library/PackageCache/com.unity.nuget.mono-cecil)
    com.unity.test-framework.performance@3.0.3 (location: /Users/pstdenis/Desktop/Aztec/Unity/Library/PackageCache/com.unity.test-framework.performance)
  Built-in packages:
    com.unity.multiplayer.center@1.0.0 (location: /Users/pstdenis/Desktop/Aztec/Unity/Library/PackageCache/com.unity.multiplayer.center)
    com.unity.render-pipelines.universal@17.0.3 (location: /Users/pstdenis/Desktop/Aztec/Unity/Library/PackageCache/com.unity.render-pipelines.universal)
    com.unity.ugui@2.0.0 (location: /Users/pstdenis/Desktop/Aztec/Unity/Library/PackageCache/com.unity.ugui)
    com.unity.modules.accessibility@1.0.0 (location: /Users/pstdenis/Desktop/Aztec/Unity/Library/PackageCache/com.unity.modules.accessibility)
    com.unity.modules.ai@1.0.0 (location: /Users/pstdenis/Desktop/Aztec/Unity/Library/PackageCache/com.unity.modules.ai)
    com.unity.modules.androidjni@1.0.0 (location: /Users/pstdenis/Desktop/Aztec/Unity/Library/PackageCache/com.unity.modules.androidjni)
    com.unity.modules.animation@1.0.0 (location: /Users/pstdenis/Desktop/Aztec/Unity/Library/PackageCache/com.unity.modules.animation)
    com.unity.modules.assetbundle@1.0.0 (location: /Users/pstdenis/Desktop/Aztec/Unity/Library/PackageCache/com.unity.modules.assetbundle)
    com.unity.modules.audio@1.0.0 (location: /Users/pstdenis/Desktop/Aztec/Unity/Library/PackageCache/com.unity.modules.audio)
    com.unity.modules.cloth@1.0.0 (location: /Users/pstdenis/Desktop/Aztec/Unity/Library/PackageCache/com.unity.modules.cloth)
    com.unity.modules.director@1.0.0 (location: /Users/pstdenis/Desktop/Aztec/Unity/Library/PackageCache/com.unity.modules.director)
    com.unity.modules.imageconversion@1.0.0 (location: /Users/pstdenis/Desktop/Aztec/Unity/Library/PackageCache/com.unity.modules.imageconversion)
    com.unity.modules.imgui@1.0.0 (location: /Users/pstdenis/Desktop/Aztec/Unity/Library/PackageCache/com.unity.modules.imgui)
    com.unity.modules.jsonserialize@1.0.0 (location: /Users/pstdenis/Desktop/Aztec/Unity/Library/PackageCache/com.unity.modules.jsonserialize)
    com.unity.modules.particlesystem@1.0.0 (location: /Users/pstdenis/Desktop/Aztec/Unity/Library/PackageCache/com.unity.modules.particlesystem)
    com.unity.modules.physics@1.0.0 (location: /Users/pstdenis/Desktop/Aztec/Unity/Library/PackageCache/com.unity.modules.physics)
    com.unity.modules.physics2d@1.0.0 (location: /Users/pstdenis/Desktop/Aztec/Unity/Library/PackageCache/com.unity.modules.physics2d)
    com.unity.modules.screencapture@1.0.0 (location: /Users/pstdenis/Desktop/Aztec/Unity/Library/PackageCache/com.unity.modules.screencapture)
    com.unity.modules.terrain@1.0.0 (location: /Users/pstdenis/Desktop/Aztec/Unity/Library/PackageCache/com.unity.modules.terrain)
    com.unity.modules.terrainphysics@1.0.0 (location: /Users/pstdenis/Desktop/Aztec/Unity/Library/PackageCache/com.unity.modules.terrainphysics)
    com.unity.modules.tilemap@1.0.0 (location: /Users/pstdenis/Desktop/Aztec/Unity/Library/PackageCache/com.unity.modules.tilemap)
    com.unity.modules.ui@1.0.0 (location: /Users/pstdenis/Desktop/Aztec/Unity/Library/PackageCache/com.unity.modules.ui)
    com.unity.modules.uielements@1.0.0 (location: /Users/pstdenis/Desktop/Aztec/Unity/Library/PackageCache/com.unity.modules.uielements)
    com.unity.modules.umbra@1.0.0 (location: /Users/pstdenis/Desktop/Aztec/Unity/Library/PackageCache/com.unity.modules.umbra)
    com.unity.modules.unityanalytics@1.0.0 (location: /Users/pstdenis/Desktop/Aztec/Unity/Library/PackageCache/com.unity.modules.unityanalytics)
    com.unity.modules.unitywebrequest@1.0.0 (location: /Users/pstdenis/Desktop/Aztec/Unity/Library/PackageCache/com.unity.modules.unitywebrequest)
    com.unity.modules.unitywebrequestassetbundle@1.0.0 (location: /Users/pstdenis/Desktop/Aztec/Unity/Library/PackageCache/com.unity.modules.unitywebrequestassetbundle)
    com.unity.modules.unitywebrequestaudio@1.0.0 (location: /Users/pstdenis/Desktop/Aztec/Unity/Library/PackageCache/com.unity.modules.unitywebrequestaudio)
    com.unity.modules.unitywebrequesttexture@1.0.0 (location: /Users/pstdenis/Desktop/Aztec/Unity/Library/PackageCache/com.unity.modules.unitywebrequesttexture)
    com.unity.modules.unitywebrequestwww@1.0.0 (location: /Users/pstdenis/Desktop/Aztec/Unity/Library/PackageCache/com.unity.modules.unitywebrequestwww)
    com.unity.modules.vehicles@1.0.0 (location: /Users/pstdenis/Desktop/Aztec/Unity/Library/PackageCache/com.unity.modules.vehicles)
    com.unity.modules.video@1.0.0 (location: /Users/pstdenis/Desktop/Aztec/Unity/Library/PackageCache/com.unity.modules.video)
    com.unity.modules.vr@1.0.0 (location: /Users/pstdenis/Desktop/Aztec/Unity/Library/PackageCache/com.unity.modules.vr)
    com.unity.modules.wind@1.0.0 (location: /Users/pstdenis/Desktop/Aztec/Unity/Library/PackageCache/com.unity.modules.wind)
    com.unity.modules.xr@1.0.0 (location: /Users/pstdenis/Desktop/Aztec/Unity/Library/PackageCache/com.unity.modules.xr)
    com.unity.modules.subsystems@1.0.0 (location: /Users/pstdenis/Desktop/Aztec/Unity/Library/PackageCache/com.unity.modules.subsystems)
    com.unity.modules.hierarchycore@1.0.0 (location: /Users/pstdenis/Desktop/Aztec/Unity/Library/PackageCache/com.unity.modules.hierarchycore)
    com.unity.render-pipelines.core@17.0.3 (location: /Users/pstdenis/Desktop/Aztec/Unity/Library/PackageCache/com.unity.render-pipelines.core)
    com.unity.shadergraph@17.0.3 (location: /Users/pstdenis/Desktop/Aztec/Unity/Library/PackageCache/com.unity.shadergraph)
    com.unity.render-pipelines.universal-config@17.0.3 (location: /Users/pstdenis/Desktop/Aztec/Unity/Library/PackageCache/com.unity.render-pipelines.universal-config)
    com.unity.rendering.light-transport@1.0.1 (location: /Users/pstdenis/Desktop/Aztec/Unity/Library/PackageCache/com.unity.rendering.light-transport)
[Physics::Module] Selected backend.
[Physics::Module] Name: PhysX
[Physics::Module] Id: 0xf2b8ea05
[Physics::Module] SDK Version: 4.1.2
[Physics::Module] Integration Version: 1.0.0
[Physics::Module] Threading Mode: Multi-Threaded
[Subsystems] No new subsystems found in resolved package list.
Package Manager log level set to [2]
[Package Manager] Done registering packages in 0.22 seconds
Refreshing native plugins compatible for Editor in 3.42 ms, found 1 plugins.
Preloading 0 native plugins for Editor in 0.00 ms.
Initialize engine version: 6000.0.23f1 (1c4764c07fb4)
[Subsystems] Discovering subsystems at path /Applications/Unity/Hub/Editor/6000.0.23f1/Unity.app/Contents/Resources/UnitySubsystems
[Subsystems] Discovering subsystems at path /Users/pstdenis/Desktop/Aztec/Unity/Assets
Forcing GfxDevice: Null
GfxDevice: creating device client; kGfxThreadingModeNonThreaded
NullGfxDevice:
    Version:  NULL 1.0 [1.0]
    Renderer: Null Device
    Vendor:   Unity Technologies
Shader Hidden/ProbeVolume/VoxelizeScene is not supported: GPU does not support conservative rasterization
[Licensing::Client] Successfully resolved entitlement details
Initialize mono
Mono path[0] = '/Applications/Unity/Hub/Editor/6000.0.23f1/Unity.app/Contents/Managed'
Mono path[1] = '/Applications/Unity/Hub/Editor/6000.0.23f1/Unity.app/Contents/MonoBleedingEdge/lib/mono/unityjit-macos'
Mono config path = '/Applications/Unity/Hub/Editor/6000.0.23f1/Unity.app/Contents/MonoBleedingEdge/etc'
Using monoOptions --debugger-agent=transport=dt_socket,embedding=1,server=y,suspend=n,address=127.0.0.1:56934
Using cacheserver namespaces - metadata:defaultmetadata, artifacts:defaultartifacts
Using cacheserver namespaces - metadata:defaultmetadata, artifacts:defaultartifacts
ImportWorker Server TCP listen port: 0
AcceleratorClientConnectionCallback - disconnected - :0
Begin MonoManager ReloadAssembly
Registering precompiled unity dll's ...
Register platform support module: /Applications/Unity/Hub/Editor/6000.0.23f1/PlaybackEngines/WebGLSupport/UnityEditor.WebGL.Extensions.dll
Register platform support module: /Applications/Unity/Hub/Editor/6000.0.23f1/Unity.app/Contents/PlaybackEngines/MacStandaloneSupport/UnityEditor.OSXStandalone.Extensions.dll
Registered in 0.003947 seconds.
- Loaded All Assemblies, in  0.616 seconds
Native extension for OSXStandalone target not found
Native extension for WebGL target not found
Mono: successfully reloaded assembly
- Finished resetting the current domain, in  0.569 seconds
Domain Reload Profiling: 1186ms
	BeginReloadAssembly (198ms)
		ExecutionOrderSort (0ms)
		DisableScriptedObjects (0ms)
		BackupInstance (0ms)
		ReleaseScriptingObjects (0ms)
		CreateAndSetChildDomain (1ms)
	RebuildCommonClasses (69ms)
	RebuildNativeTypeToScriptingClass (17ms)
	initialDomainReloadingComplete (72ms)
	LoadAllAssembliesAndSetupDomain (260ms)
		LoadAssemblies (199ms)
		RebuildTransferFunctionScriptingTraits (0ms)
		AnalyzeDomain (253ms)
			TypeCache.Refresh (250ms)
				TypeCache.ScanAssembly (227ms)
			BuildScriptInfoCaches (0ms)
			ResolveRequiredComponents (1ms)
	FinalizeReload (569ms)
		ReleaseScriptCaches (0ms)
		RebuildScriptCaches (0ms)
		SetupLoadedEditorAssemblies (520ms)
			LogAssemblyErrors (0ms)
			InitializePlatformSupportModulesInManaged (61ms)
			SetLoadedEditorAssemblies (6ms)
			BeforeProcessingInitializeOnLoad (7ms)
			ProcessInitializeOnLoadAttributes (290ms)
			ProcessInitializeOnLoadMethodAttributes (152ms)
			AfterProcessingInitializeOnLoad (4ms)
			EditorAssembliesLoaded (0ms)
		ExecutionOrderSort2 (0ms)
		AwakeInstancesAfterBackupRestoration (0ms)
[Licensing::Client] Successfully resolved entitlement details
Application.AssetDatabase Initial Refresh Start
[40m[32minfo[39m[22m[49m: Microsoft.Hosting.Lifetime[14]
      Now listening on: http://unix:/tmp/ilpp.sock-1a3cb70ed30ea5a7368874c09804521c
[40m[32minfo[39m[22m[49m: Microsoft.Hosting.Lifetime[0]
      Application started. Press Ctrl+C to shut down.
[40m[32minfo[39m[22m[49m: Microsoft.Hosting.Lifetime[0]
      Hosting environment: Production
[40m[32minfo[39m[22m[49m: Microsoft.Hosting.Lifetime[0]
      Content root path: /Users/pstdenis/Desktop/Aztec/Unity/
[40m[32minfo[39m[22m[49m: Microsoft.AspNetCore.Hosting.Diagnostics[1]
      Request starting HTTP/2 POST http://ilpp/UnityILPP.PostProcessing/Ping application/grpc -
[40m[32minfo[39m[22m[49m: Microsoft.AspNetCore.Routing.EndpointMiddleware[0]
      Executing endpoint 'gRPC - /UnityILPP.PostProcessing/Ping'
[40m[32minfo[39m[22m[49m: Microsoft.AspNetCore.Routing.EndpointMiddleware[1]
      Executed endpoint 'gRPC - /UnityILPP.PostProcessing/Ping'
[40m[32minfo[39m[22m[49m: Microsoft.AspNetCore.Hosting.Diagnostics[2]
      Request finished HTTP/2 POST http://ilpp/UnityILPP.PostProcessing/Ping application/grpc - - 200 - application/grpc 67.8857ms
Starting: /Applications/Unity/Hub/Editor/6000.0.23f1/Unity.app/Contents/bee_backend --dont-print-to-structured-log --ipc --defer-dag-verification --dagfile="Library/Bee/2000b0aE.dag" --continue-on-failure --profile="Library/Bee/backend1.traceevents" ScriptAssemblies
WorkingDir: /Users/pstdenis/Desktop/Aztec/Unity
DisplayProgressbar: Compiling Scripts
[40m[32minfo[39m[22m[49m: Microsoft.AspNetCore.Hosting.Diagnostics[1]
      Request starting HTTP/2 POST http://ilpp/UnityILPP.PostProcessing/ConfigurePostProcessors application/grpc -
[40m[32minfo[39m[22m[49m: Microsoft.AspNetCore.Routing.EndpointMiddleware[0]
      Executing endpoint 'gRPC - /UnityILPP.PostProcessing/ConfigurePostProcessors'
[40m[1m[33mwarn[39m[22m[49m: Unity.ILPP.Runner.PostProcessingAssemblyLoadContext[0]
      Assembly system.runtime.interopservices.windowsruntime has duplicate hint path. Ignoring "/Applications/Unity/Hub/Editor/6000.0.23f1/Unity.app/Contents/UnityReferenceAssemblies/unity-4.8-api/Facades/System.Runtime.InteropServices.WindowsRuntime.dll" in favor of "/Applications/Unity/Hub/Editor/6000.0.23f1/Unity.app/Contents/NetStandard/Extensions/2.0.0/System.Runtime.InteropServices.WindowsRuntime.dll"
[40m[1m[33mwarn[39m[22m[49m: Unity.ILPP.Runner.PostProcessingAssemblyLoadContext[0]
      Assembly system.componentmodel.composition has duplicate hint path. Ignoring "/Applications/Unity/Hub/Editor/6000.0.23f1/Unity.app/Contents/UnityReferenceAssemblies/unity-4.8-api/System.ComponentModel.Composition.dll" in favor of "/Applications/Unity/Hub/Editor/6000.0.23f1/Unity.app/Contents/NetStandard/compat/2.1.0/shims/netfx/System.ComponentModel.Composition.dll"
[40m[32minfo[39m[22m[49m: Unity.ILPP.Runner.PostProcessingAssemblyLoadContext[0]
      Resolved Unity.Burst.Cecil, Version=0.11.4.0, Culture=neutral, PublicKeyToken=50cebf1cceb9d05e with Library/PackageCache/com.unity.burst/Unity.Burst.CodeGen/Unity.Burst.Cecil.dll
[40m[32minfo[39m[22m[49m: Unity.ILPP.Runner.PostProcessingAssemblyLoadContext[0]
      Resolved Mono.Cecil, Version=0.11.4.0, Culture=neutral, PublicKeyToken=50cebf1cceb9d05e with Library/PackageCache/com.unity.nuget.mono-cecil/Mono.Cecil.dll
[40m[32minfo[39m[22m[49m: Microsoft.AspNetCore.Routing.EndpointMiddleware[1]
      Executed endpoint 'gRPC - /UnityILPP.PostProcessing/ConfigurePostProcessors'
[40m[32minfo[39m[22m[49m: Microsoft.AspNetCore.Hosting.Diagnostics[2]
      Request finished HTTP/2 POST http://ilpp/UnityILPP.PostProcessing/ConfigurePostProcessors application/grpc - - 200 - application/grpc 40.7077ms
ExitCode: 0 Duration: 0s538ms
[546/703    0s] ILPP-Configuration Library/ilpp-configuration.nevergeneratedoutput
*** Tundra build success (0.50 seconds), 1 items updated, 703 evaluated
AssetDatabase: script compilation time: 1.528033s
Begin MonoManager ReloadAssembly
Total cache size 268018571
Total cache size after purge 268018571, took 00:00:00.4169402
Symbol file LoadedFromMemory is not a mono symbol file
- Loaded All Assemblies, in  1.818 seconds
Refreshing native plugins compatible for Editor in 1.56 ms, found 1 plugins.
Native extension for OSXStandalone target not found
Native extension for WebGL target not found
Refreshing native plugins compatible for Editor in 0.51 ms, found 1 plugins.
Mono: successfully reloaded assembly
- Finished resetting the current domain, in  4.053 seconds
Domain Reload Profiling: 5871ms
	BeginReloadAssembly (999ms)
		ExecutionOrderSort (0ms)
		DisableScriptedObjects (17ms)
		BackupInstance (0ms)
		ReleaseScriptingObjects (0ms)
		CreateAndSetChildDomain (78ms)
	RebuildCommonClasses (57ms)
	RebuildNativeTypeToScriptingClass (18ms)
	initialDomainReloadingComplete (34ms)
	LoadAllAssembliesAndSetupDomain (709ms)
		LoadAssemblies (478ms)
		RebuildTransferFunctionScriptingTraits (0ms)
		AnalyzeDomain (324ms)
			TypeCache.Refresh (225ms)
				TypeCache.ScanAssembly (206ms)
			BuildScriptInfoCaches (77ms)
			ResolveRequiredComponents (15ms)
	FinalizeReload (4054ms)
		ReleaseScriptCaches (0ms)
		RebuildScriptCaches (0ms)
		SetupLoadedEditorAssemblies (3627ms)
			LogAssemblyErrors (0ms)
			InitializePlatformSupportModulesInManaged (23ms)
			SetLoadedEditorAssemblies (5ms)
			BeforeProcessingInitializeOnLoad (133ms)
			ProcessInitializeOnLoadAttributes (3285ms)
			ProcessInitializeOnLoadMethodAttributes (137ms)
			AfterProcessingInitializeOnLoad (44ms)
			EditorAssembliesLoaded (1ms)
		ExecutionOrderSort2 (0ms)
		AwakeInstancesAfterBackupRestoration (7ms)
Asset Pipeline Refresh (id=86b615cb7df4d44dabe9378ff7170559): Total: 8.813 seconds - Initiated by InitialRefreshV2(ForceSynchronousImport)
	Summary:
		Imports: total=0 (actual=0, local cache=0, cache server=0)
		Asset DB Process Time: managed=0 ms, native=5272 ms
		Asset DB Callback time: managed=69 ms, native=0 ms
		Scripting: domain reloads=1, domain reload time=1890 ms, compile time=1530 ms, other=50 ms
		Project Asset Count: scripts=1123, non-scripts=1791
		Asset File Changes: new=0, changed=0, moved=0, deleted=0
		Scan Filter Count: 1
	InvokeCustomDependenciesCallbacks: 0.002ms
	InvokePackagesCallback: 1.298ms
	ApplyChangesToAssetFolders: 0.323ms
	Scan: 783.008ms
	OnSourceAssetsModified: 0.005ms
	CategorizeAssetsWithTransientArtifact: 72.569ms
	ProcessAssetsWithTransientArtifactChanges: 96.462ms
	CategorizeAssets: 69.908ms
	ImportOutOfDateAssets: 4069.257ms (2533.925ms without children)
		CompileScripts: 1529.742ms
		ReloadNativeAssets: 0.031ms
		UnloadImportedAssets: 3.352ms
		EnsureUptoDateAssetsAreRegisteredWithGuidPM: 0.977ms
		InitializingProgressBar: 0.000ms
		PostProcessAllAssetNotificationsAddChangedAssets: 0.001ms
		OnDemandSchedulerStart: 1.229ms
	PostProcessAllAssets: 69.242ms
	GatherAllCurrentPrimaryArtifactRevisions: 0.023ms
	UnloadStreamsBegin: 1.788ms
	PersistCurrentRevisions: 0.142ms
	UnloadStreamsEnd: 0.002ms
	GenerateScriptTypeHashes: 6.995ms
	Untracked: 3648.776ms

Application.AssetDatabase Initial Refresh End
Scanning for USB devices : 1.624ms
Initializing Unity extensions:
[Licensing::Client] Successfully resolved entitlement details
[MODES] ModeService[none].Initialize
[MODES] ModeService[none].LoadModes
[MODES] Loading mode Default (0) for mode-current-id-My project (1)
Unloading 19 Unused Serialized files (Serialized files now loaded: 0)
Unloading 5608 unused Assets / (3.0 MB). Loaded Objects now: 6415.
Memory consumption went from 209.0 MB to 206.0 MB.
Total: 16.885618 ms (FindLiveObjects: 0.916835 ms CreateObjectMapping: 1.177023 ms MarkObjects: 11.644580 ms  DeleteObjects: 3.145343 ms)

Unloading 3 Unused Serialized files (Serialized files now loaded: 0)
Unloading 1 unused Assets / (111.6 KB). Loaded Objects now: 6424.
Memory consumption went from 200.6 MB to 200.5 MB.
Total: 11.908357 ms (FindLiveObjects: 0.470272 ms CreateObjectMapping: 0.692752 ms MarkObjects: 10.707572 ms  DeleteObjects: 0.036468 ms)

Start importing Assets/Scenes/Start.unity using Guid(c707f44165fcb4ee39e8d0b1ac450fe1) (DefaultImporter) -> (artifact id: '21f3ef704c522c05d599d7e0891541a8') in 0.018294068 seconds
Refreshing native plugins compatible for Editor in 0.60 ms, found 1 plugins.
Preloading 0 native plugins for Editor in 0.00 ms.
Asset Pipeline Refresh (id=e4749157957f54ed884f4e729d53d99f): Total: 0.279 seconds - Initiated by StopAssetImportingV2(NoUpdateAssetOptions)
Created scene: Assets/Scenes/Start.unity
UnityEngine.Debug:ExtractStackTraceNoAlloc (byte*,int,string)
UnityEngine.StackTraceUtility:ExtractStackTrace () (at /Users/bokken/build/output/unity/unity/Runtime/Export/Scripting/StackTrace.cs:37)
UnityEngine.DebugLogHandler:Internal_Log (UnityEngine.LogType,UnityEngine.LogOption,string,UnityEngine.Object)
UnityEngine.DebugLogHandler:LogFormat (UnityEngine.LogType,UnityEngine.Object,string,object[])
UnityEngine.Logger:Log (UnityEngine.LogType,object)
UnityEngine.Debug:Log (object)
SceneGenerator:CreateScene (string) (at Assets/Editor/SceneGenerator.cs:154)
SceneGenerator:GenerateAllScenes () (at Assets/Editor/SceneGenerator.cs:71)

(Filename: Assets/Editor/SceneGenerator.cs Line: 154)

Unloading 12 Unused Serialized files (Serialized files now loaded: 0)
Unloading 18 unused Assets / (35.0 KB). Loaded Objects now: 6427.
Memory consumption went from 225.8 MB to 225.8 MB.
Total: 11.411972 ms (FindLiveObjects: 0.423329 ms CreateObjectMapping: 0.321993 ms MarkObjects: 10.553718 ms  DeleteObjects: 0.111305 ms)

Start importing Assets/Scenes/Initialize User.unity using Guid(614c6138ecda04784a7d362c35c1380c) (DefaultImporter) -> (artifact id: '3a885a31ac79a3fb8bc4e4f5ce5ee8af') in 0.001238447 seconds
Refreshing native plugins compatible for Editor in 0.48 ms, found 1 plugins.
Preloading 0 native plugins for Editor in 0.00 ms.
Asset Pipeline Refresh (id=68e7f5339975d46ae8490c0d136f01f0): Total: 0.041 seconds - Initiated by StopAssetImportingV2(NoUpdateAssetOptions)
Created scene: Assets/Scenes/Initialize User.unity
UnityEngine.Debug:ExtractStackTraceNoAlloc (byte*,int,string)
UnityEngine.StackTraceUtility:ExtractStackTrace () (at /Users/bokken/build/output/unity/unity/Runtime/Export/Scripting/StackTrace.cs:37)
UnityEngine.DebugLogHandler:Internal_Log (UnityEngine.LogType,UnityEngine.LogOption,string,UnityEngine.Object)
UnityEngine.DebugLogHandler:LogFormat (UnityEngine.LogType,UnityEngine.Object,string,object[])
UnityEngine.Logger:Log (UnityEngine.LogType,object)
UnityEngine.Debug:Log (object)
SceneGenerator:CreateScene (string) (at Assets/Editor/SceneGenerator.cs:154)
SceneGenerator:GenerateAllScenes () (at Assets/Editor/SceneGenerator.cs:71)

(Filename: Assets/Editor/SceneGenerator.cs Line: 154)

Unloading 11 Unused Serialized files (Serialized files now loaded: 0)
Unloading 18 unused Assets / (31.6 KB). Loaded Objects now: 6427.
Memory consumption went from 234.5 MB to 234.5 MB.
Total: 10.504942 ms (FindLiveObjects: 0.352562 ms CreateObjectMapping: 0.284233 ms MarkObjects: 9.766519 ms  DeleteObjects: 0.100726 ms)

Start importing Assets/Scenes/Hub.unity using Guid(2dbe4e5a6ea3c446ba880a2347b770c7) (DefaultImporter) -> (artifact id: '1e4385e277a7cbe09704d8c4ac0ad0ec') in 0.001236682 seconds
Refreshing native plugins compatible for Editor in 0.54 ms, found 1 plugins.
Preloading 0 native plugins for Editor in 0.00 ms.
Asset Pipeline Refresh (id=de49a21d98ca94a6b9e54c696fe6b616): Total: 0.037 seconds - Initiated by StopAssetImportingV2(NoUpdateAssetOptions)
Created scene: Assets/Scenes/Hub.unity
UnityEngine.Debug:ExtractStackTraceNoAlloc (byte*,int,string)
UnityEngine.StackTraceUtility:ExtractStackTrace () (at /Users/bokken/build/output/unity/unity/Runtime/Export/Scripting/StackTrace.cs:37)
UnityEngine.DebugLogHandler:Internal_Log (UnityEngine.LogType,UnityEngine.LogOption,string,UnityEngine.Object)
UnityEngine.DebugLogHandler:LogFormat (UnityEngine.LogType,UnityEngine.Object,string,object[])
UnityEngine.Logger:Log (UnityEngine.LogType,object)
UnityEngine.Debug:Log (object)
SceneGenerator:CreateScene (string) (at Assets/Editor/SceneGenerator.cs:154)
SceneGenerator:GenerateAllScenes () (at Assets/Editor/SceneGenerator.cs:71)

(Filename: Assets/Editor/SceneGenerator.cs Line: 154)

Unloading 11 Unused Serialized files (Serialized files now loaded: 0)
Unloading 18 unused Assets / (35.2 KB). Loaded Objects now: 6427.
Memory consumption went from 243.4 MB to 243.4 MB.
Total: 11.373938 ms (FindLiveObjects: 0.344780 ms CreateObjectMapping: 0.199338 ms MarkObjects: 10.722649 ms  DeleteObjects: 0.106083 ms)

Start importing Assets/Scenes/Shared Counter Demo.unity using Guid(91ee3f075e7964fee9a4bc15ece4cfd4) (DefaultImporter) -> (artifact id: 'f22a7fd500ae2e6818b7e501df4347d1') in 0.001350491 seconds
Refreshing native plugins compatible for Editor in 0.42 ms, found 1 plugins.
Preloading 0 native plugins for Editor in 0.00 ms.
Asset Pipeline Refresh (id=4adb9c7a8760d41e79bae98321e7334e): Total: 0.039 seconds - Initiated by StopAssetImportingV2(NoUpdateAssetOptions)
Created scene: Assets/Scenes/Shared Counter Demo.unity
UnityEngine.Debug:ExtractStackTraceNoAlloc (byte*,int,string)
UnityEngine.StackTraceUtility:ExtractStackTrace () (at /Users/bokken/build/output/unity/unity/Runtime/Export/Scripting/StackTrace.cs:37)
UnityEngine.DebugLogHandler:Internal_Log (UnityEngine.LogType,UnityEngine.LogOption,string,UnityEngine.Object)
UnityEngine.DebugLogHandler:LogFormat (UnityEngine.LogType,UnityEngine.Object,string,object[])
UnityEngine.Logger:Log (UnityEngine.LogType,object)
UnityEngine.Debug:Log (object)
SceneGenerator:CreateScene (string) (at Assets/Editor/SceneGenerator.cs:154)
SceneGenerator:GenerateAllScenes () (at Assets/Editor/SceneGenerator.cs:71)

(Filename: Assets/Editor/SceneGenerator.cs Line: 154)

Unloading 11 Unused Serialized files (Serialized files now loaded: 0)
Unloading 18 unused Assets / (35.2 KB). Loaded Objects now: 6427.
Memory consumption went from 252.1 MB to 252.1 MB.
Total: 11.544857 ms (FindLiveObjects: 0.314666 ms CreateObjectMapping: 0.212723 ms MarkObjects: 10.904127 ms  DeleteObjects: 0.112188 ms)

Start importing Assets/Scenes/Message Board Demo.unity using Guid(41c5c3edfffd949b499244713d4d8e85) (DefaultImporter) -> (artifact id: '439ab592db61ac3c47574c1df8aa346c') in 0.001584467 seconds
Refreshing native plugins compatible for Editor in 0.41 ms, found 1 plugins.
Preloading 0 native plugins for Editor in 0.00 ms.
Asset Pipeline Refresh (id=61260e46d2a774dc3b808313cb22b962): Total: 0.037 seconds - Initiated by StopAssetImportingV2(NoUpdateAssetOptions)
Created scene: Assets/Scenes/Message Board Demo.unity
UnityEngine.Debug:ExtractStackTraceNoAlloc (byte*,int,string)
UnityEngine.StackTraceUtility:ExtractStackTrace () (at /Users/bokken/build/output/unity/unity/Runtime/Export/Scripting/StackTrace.cs:37)
UnityEngine.DebugLogHandler:Internal_Log (UnityEngine.LogType,UnityEngine.LogOption,string,UnityEngine.Object)
UnityEngine.DebugLogHandler:LogFormat (UnityEngine.LogType,UnityEngine.Object,string,object[])
UnityEngine.Logger:Log (UnityEngine.LogType,object)
UnityEngine.Debug:Log (object)
SceneGenerator:CreateScene (string) (at Assets/Editor/SceneGenerator.cs:154)
SceneGenerator:GenerateAllScenes () (at Assets/Editor/SceneGenerator.cs:71)

(Filename: Assets/Editor/SceneGenerator.cs Line: 154)

Unloading 11 Unused Serialized files (Serialized files now loaded: 0)
Unloading 18 unused Assets / (35.0 KB). Loaded Objects now: 6427.
Memory consumption went from 260.8 MB to 260.8 MB.
Total: 11.194717 ms (FindLiveObjects: 0.359850 ms CreateObjectMapping: 0.252758 ms MarkObjects: 10.478139 ms  DeleteObjects: 0.102554 ms)

Start importing Assets/Scenes/User Registry Demo.unity using Guid(b8ff345bd9268446daf08da4c1cc9ea1) (DefaultImporter) -> (artifact id: '05f4724ef52983381ccb52b7e3bcd1f2') in 0.001456046 seconds
Refreshing native plugins compatible for Editor in 0.42 ms, found 1 plugins.
Preloading 0 native plugins for Editor in 0.00 ms.
Asset Pipeline Refresh (id=397771602409b403c8d1cef1b36dc99e): Total: 0.037 seconds - Initiated by StopAssetImportingV2(NoUpdateAssetOptions)
Created scene: Assets/Scenes/User Registry Demo.unity
UnityEngine.Debug:ExtractStackTraceNoAlloc (byte*,int,string)
UnityEngine.StackTraceUtility:ExtractStackTrace () (at /Users/bokken/build/output/unity/unity/Runtime/Export/Scripting/StackTrace.cs:37)
UnityEngine.DebugLogHandler:Internal_Log (UnityEngine.LogType,UnityEngine.LogOption,string,UnityEngine.Object)
UnityEngine.DebugLogHandler:LogFormat (UnityEngine.LogType,UnityEngine.Object,string,object[])
UnityEngine.Logger:Log (UnityEngine.LogType,object)
UnityEngine.Debug:Log (object)
SceneGenerator:CreateScene (string) (at Assets/Editor/SceneGenerator.cs:154)
SceneGenerator:GenerateAllScenes () (at Assets/Editor/SceneGenerator.cs:71)

(Filename: Assets/Editor/SceneGenerator.cs Line: 154)

Unloading 11 Unused Serialized files (Serialized files now loaded: 0)
Unloading 18 unused Assets / (35.1 KB). Loaded Objects now: 6427.
Memory consumption went from 269.6 MB to 269.5 MB.
Total: 10.635742 ms (FindLiveObjects: 0.392495 ms CreateObjectMapping: 0.306619 ms MarkObjects: 9.836853 ms  DeleteObjects: 0.098415 ms)

Start importing Assets/Scenes/About the Engine.unity using Guid(19e751f0c8fca49e8b0de48fcab429d7) (DefaultImporter) -> (artifact id: '1a2506c8ad3a20e52eb52412462837a9') in 0.001276867 seconds
Refreshing native plugins compatible for Editor in 5.33 ms, found 1 plugins.
Preloading 0 native plugins for Editor in 0.00 ms.
Asset Pipeline Refresh (id=4f2fa296c8a1045dfa88bf399411f2b7): Total: 0.051 seconds - Initiated by StopAssetImportingV2(NoUpdateAssetOptions)
Created scene: Assets/Scenes/About the Engine.unity
UnityEngine.Debug:ExtractStackTraceNoAlloc (byte*,int,string)
UnityEngine.StackTraceUtility:ExtractStackTrace () (at /Users/bokken/build/output/unity/unity/Runtime/Export/Scripting/StackTrace.cs:37)
UnityEngine.DebugLogHandler:Internal_Log (UnityEngine.LogType,UnityEngine.LogOption,string,UnityEngine.Object)
UnityEngine.DebugLogHandler:LogFormat (UnityEngine.LogType,UnityEngine.Object,string,object[])
UnityEngine.Logger:Log (UnityEngine.LogType,object)
UnityEngine.Debug:Log (object)
SceneGenerator:CreateScene (string) (at Assets/Editor/SceneGenerator.cs:154)
SceneGenerator:GenerateAllScenes () (at Assets/Editor/SceneGenerator.cs:71)

(Filename: Assets/Editor/SceneGenerator.cs Line: 154)

Successfully generated 7 scenes!
UnityEngine.Debug:ExtractStackTraceNoAlloc (byte*,int,string)
UnityEngine.StackTraceUtility:ExtractStackTrace () (at /Users/bokken/build/output/unity/unity/Runtime/Export/Scripting/StackTrace.cs:37)
UnityEngine.DebugLogHandler:Internal_Log (UnityEngine.LogType,UnityEngine.LogOption,string,UnityEngine.Object)
UnityEngine.DebugLogHandler:LogFormat (UnityEngine.LogType,UnityEngine.Object,string,object[])
UnityEngine.Logger:Log (UnityEngine.LogType,object)
UnityEngine.Debug:Log (object)
SceneGenerator:GenerateAllScenes () (at Assets/Editor/SceneGenerator.cs:74)

(Filename: Assets/Editor/SceneGenerator.cs Line: 74)

Cancelling DisplayDialog: Success Generated 7 scenes in Assets/Scenes/
This should not be called in batch mode.
UnityEngine.Debug:ExtractStackTraceNoAlloc (byte*,int,string)
UnityEngine.StackTraceUtility:ExtractStackTrace () (at /Users/bokken/build/output/unity/unity/Runtime/Export/Scripting/StackTrace.cs:37)
UnityEditor.EditorUtility:DisplayDialogImpl (string,string,string,string)
UnityEditor.EditorUtility:DisplayDialog (string,string,string,string) (at /Users/bokken/build/output/unity/unity/Editor/Mono/EditorUtility.bindings.cs:51)
UnityEditor.EditorUtility:DisplayDialog (string,string,string) (at /Users/bokken/build/output/unity/unity/Editor/Mono/EditorUtility.bindings.cs:57)
SceneGenerator:GenerateAllScenes () (at Assets/Editor/SceneGenerator.cs:75)

[/Users/bokken/build/output/unity/unity/Editor/Mono/EditorUtility.bindings.cs line 51]

No graphic device is available to initialize the view.
UnityEngine.Debug:ExtractStackTraceNoAlloc (byte*,int,string)
UnityEngine.StackTraceUtility:ExtractStackTrace () (at /Users/bokken/build/output/unity/unity/Runtime/Export/Scripting/StackTrace.cs:37)
UnityEditor.GUIView:Internal_Init (int,int,bool)
UnityEditor.GUIView:SetWindow (UnityEditor.ContainerWindow) (at /Users/bokken/build/output/unity/unity/Editor/Mono/GUIView.cs:56)
UnityEditor.HostView:SetWindow (UnityEditor.ContainerWindow) (at /Users/bokken/build/output/unity/unity/Editor/Mono/HostView.cs:217)
UnityEditor.View:SetWindowRecurse (UnityEditor.ContainerWindow) (at /Users/bokken/build/output/unity/unity/Editor/Mono/View.cs:226)
UnityEditor.View:AddChild (UnityEditor.View,int) (at /Users/bokken/build/output/unity/unity/Editor/Mono/View.cs:196)
UnityEditor.SplitView:AddChild (UnityEditor.View,int) (at /Users/bokken/build/output/unity/unity/Editor/Mono/GUI/SplitView.cs:186)
UnityEditor.View:AddChild (UnityEditor.View) (at /Users/bokken/build/output/unity/unity/Editor/Mono/View.cs:184)
UnityEditor.EditorWindow:CreateNewWindowForEditorWindow (UnityEditor.EditorWindow,bool,bool,bool) (at /Users/bokken/build/output/unity/unity/Editor/Mono/EditorWindow.cs:1337)
UnityEditor.EditorWindow:Show (bool) (at /Users/bokken/build/output/unity/unity/Editor/Mono/EditorWindow.cs:699)
UnityEditor.EditorWindow:Show () (at /Users/bokken/build/output/unity/unity/Editor/Mono/EditorWindow.cs:691)
UnityEditor.EditorWindow:GetWindowPrivate (System.Type,bool,string,bool,bool) (at /Users/bokken/build/output/unity/unity/Editor/Mono/EditorWindow.cs:781)
UnityEditor.EditorWindow:GetWindow (System.Type,bool,string,bool) (at /Users/bokken/build/output/unity/unity/Editor/Mono/EditorWindow.cs:801)
UnityEditor.EditorWindow:GetWindow<TMPro.TMP_PackageResourceImporterWindow> (bool,string,bool) (at /Users/bokken/build/output/unity/unity/Editor/Mono/EditorWindow.cs:872)
UnityEditor.EditorWindow:GetWindow<TMPro.TMP_PackageResourceImporterWindow> () (at /Users/bokken/build/output/unity/unity/Editor/Mono/EditorWindow.cs:846)
TMPro.TMP_PackageResourceImporterWindow:ShowPackageImporterWindow () (at ./Library/PackageCache/com.unity.ugui/Runtime/TMP/TMP_PackageResourceImporter.cs:243)
TMPro.TMP_Settings/<DelayShowPackageImporterWindow>d__125:MoveNext () (at ./Library/PackageCache/com.unity.ugui/Runtime/TMP/TMP_Settings.cs:488)
System.Runtime.CompilerServices.AsyncMethodBuilderCore/MoveNextRunner:InvokeMoveNext (object)
System.Threading.ExecutionContext:RunInternal (System.Threading.ExecutionContext,System.Threading.ContextCallback,object,bool)
System.Threading.ExecutionContext:Run (System.Threading.ExecutionContext,System.Threading.ContextCallback,object,bool)
System.Runtime.CompilerServices.AsyncMethodBuilderCore/MoveNextRunner:Run ()
System.Threading.Tasks.SynchronizationContextAwaitTaskContinuation/<>c:<.cctor>b__7_0 (object)
UnityEngine.UnitySynchronizationContext/WorkRequest:Invoke () (at /Users/bokken/build/output/unity/unity/Runtime/Export/Scripting/UnitySynchronizationContext.cs:155)
UnityEngine.UnitySynchronizationContext:Exec () (at /Users/bokken/build/output/unity/unity/Runtime/Export/Scripting/UnitySynchronizationContext.cs:83)
UnityEngine.UnitySynchronizationContext:ExecutePendingTasks (long) (at /Users/bokken/build/output/unity/unity/Runtime/Export/Scripting/UnitySynchronizationContext.cs:131)

[/Users/bokken/build/output/unity/unity/Runtime/Export/Scripting/StackTrace.cs line 37]

No graphic device is available to show the window.
UnityEngine.Debug:ExtractStackTraceNoAlloc (byte*,int,string)
UnityEngine.StackTraceUtility:ExtractStackTrace () (at /Users/bokken/build/output/unity/unity/Runtime/Export/Scripting/StackTrace.cs:37)
UnityEditor.ContainerWindow:Internal_Show (UnityEngine.Rect,int,UnityEngine.Vector2,UnityEngine.Vector2)
UnityEditor.ContainerWindow:Show (UnityEditor.ShowMode,bool,bool,bool) (at /Users/bokken/build/output/unity/unity/Editor/Mono/ContainerWindow.cs:191)
UnityEditor.EditorWindow:CreateNewWindowForEditorWindow (UnityEditor.EditorWindow,bool,bool,bool) (at /Users/bokken/build/output/unity/unity/Editor/Mono/EditorWindow.cs:1342)
UnityEditor.EditorWindow:Show (bool) (at /Users/bokken/build/output/unity/unity/Editor/Mono/EditorWindow.cs:699)
UnityEditor.EditorWindow:Show () (at /Users/bokken/build/output/unity/unity/Editor/Mono/EditorWindow.cs:691)
UnityEditor.EditorWindow:GetWindowPrivate (System.Type,bool,string,bool,bool) (at /Users/bokken/build/output/unity/unity/Editor/Mono/EditorWindow.cs:781)
UnityEditor.EditorWindow:GetWindow (System.Type,bool,string,bool) (at /Users/bokken/build/output/unity/unity/Editor/Mono/EditorWindow.cs:801)
UnityEditor.EditorWindow:GetWindow<TMPro.TMP_PackageResourceImporterWindow> (bool,string,bool) (at /Users/bokken/build/output/unity/unity/Editor/Mono/EditorWindow.cs:872)
UnityEditor.EditorWindow:GetWindow<TMPro.TMP_PackageResourceImporterWindow> () (at /Users/bokken/build/output/unity/unity/Editor/Mono/EditorWindow.cs:846)
TMPro.TMP_PackageResourceImporterWindow:ShowPackageImporterWindow () (at ./Library/PackageCache/com.unity.ugui/Runtime/TMP/TMP_PackageResourceImporter.cs:243)
TMPro.TMP_Settings/<DelayShowPackageImporterWindow>d__125:MoveNext () (at ./Library/PackageCache/com.unity.ugui/Runtime/TMP/TMP_Settings.cs:488)
System.Runtime.CompilerServices.AsyncMethodBuilderCore/MoveNextRunner:InvokeMoveNext (object)
System.Threading.ExecutionContext:RunInternal (System.Threading.ExecutionContext,System.Threading.ContextCallback,object,bool)
System.Threading.ExecutionContext:Run (System.Threading.ExecutionContext,System.Threading.ContextCallback,object,bool)
System.Runtime.CompilerServices.AsyncMethodBuilderCore/MoveNextRunner:Run ()
System.Threading.Tasks.SynchronizationContextAwaitTaskContinuation/<>c:<.cctor>b__7_0 (object)
UnityEngine.UnitySynchronizationContext/WorkRequest:Invoke () (at /Users/bokken/build/output/unity/unity/Runtime/Export/Scripting/UnitySynchronizationContext.cs:155)
UnityEngine.UnitySynchronizationContext:Exec () (at /Users/bokken/build/output/unity/unity/Runtime/Export/Scripting/UnitySynchronizationContext.cs:83)
UnityEngine.UnitySynchronizationContext:ExecutePendingTasks (long) (at /Users/bokken/build/output/unity/unity/Runtime/Export/Scripting/UnitySynchronizationContext.cs:131)

[/Users/bokken/build/output/unity/unity/Runtime/Export/Scripting/StackTrace.cs line 37]

No graphic device is available to initialize the view.
UnityEngine.Debug:ExtractStackTraceNoAlloc (byte*,int,string)
UnityEngine.StackTraceUtility:ExtractStackTrace () (at /Users/bokken/build/output/unity/unity/Runtime/Export/Scripting/StackTrace.cs:37)
UnityEditor.GUIView:Internal_Init (int,int,bool)
UnityEditor.GUIView:SetWindow (UnityEditor.ContainerWindow) (at /Users/bokken/build/output/unity/unity/Editor/Mono/GUIView.cs:56)
UnityEditor.HostView:SetWindow (UnityEditor.ContainerWindow) (at /Users/bokken/build/output/unity/unity/Editor/Mono/HostView.cs:217)
UnityEditor.View:SetWindowRecurse (UnityEditor.ContainerWindow) (at /Users/bokken/build/output/unity/unity/Editor/Mono/View.cs:226)
UnityEditor.View:SetWindowRecurse (UnityEditor.ContainerWindow) (at /Users/bokken/build/output/unity/unity/Editor/Mono/View.cs:229)
UnityEditor.ContainerWindow:Show (UnityEditor.ShowMode,bool,bool,bool) (at /Users/bokken/build/output/unity/unity/Editor/Mono/ContainerWindow.cs:195)
UnityEditor.EditorWindow:CreateNewWindowForEditorWindow (UnityEditor.EditorWindow,bool,bool,bool) (at /Users/bokken/build/output/unity/unity/Editor/Mono/EditorWindow.cs:1342)
UnityEditor.EditorWindow:Show (bool) (at /Users/bokken/build/output/unity/unity/Editor/Mono/EditorWindow.cs:699)
UnityEditor.EditorWindow:Show () (at /Users/bokken/build/output/unity/unity/Editor/Mono/EditorWindow.cs:691)
UnityEditor.EditorWindow:GetWindowPrivate (System.Type,bool,string,bool,bool) (at /Users/bokken/build/output/unity/unity/Editor/Mono/EditorWindow.cs:781)
UnityEditor.EditorWindow:GetWindow (System.Type,bool,string,bool) (at /Users/bokken/build/output/unity/unity/Editor/Mono/EditorWindow.cs:801)
UnityEditor.EditorWindow:GetWindow<TMPro.TMP_PackageResourceImporterWindow> (bool,string,bool) (at /Users/bokken/build/output/unity/unity/Editor/Mono/EditorWindow.cs:872)
UnityEditor.EditorWindow:GetWindow<TMPro.TMP_PackageResourceImporterWindow> () (at /Users/bokken/build/output/unity/unity/Editor/Mono/EditorWindow.cs:846)
TMPro.TMP_PackageResourceImporterWindow:ShowPackageImporterWindow () (at ./Library/PackageCache/com.unity.ugui/Runtime/TMP/TMP_PackageResourceImporter.cs:243)
TMPro.TMP_Settings/<DelayShowPackageImporterWindow>d__125:MoveNext () (at ./Library/PackageCache/com.unity.ugui/Runtime/TMP/TMP_Settings.cs:488)
System.Runtime.CompilerServices.AsyncMethodBuilderCore/MoveNextRunner:InvokeMoveNext (object)
System.Threading.ExecutionContext:RunInternal (System.Threading.ExecutionContext,System.Threading.ContextCallback,object,bool)
System.Threading.ExecutionContext:Run (System.Threading.ExecutionContext,System.Threading.ContextCallback,object,bool)
System.Runtime.CompilerServices.AsyncMethodBuilderCore/MoveNextRunner:Run ()
System.Threading.Tasks.SynchronizationContextAwaitTaskContinuation/<>c:<.cctor>b__7_0 (object)
UnityEngine.UnitySynchronizationContext/WorkRequest:Invoke () (at /Users/bokken/build/output/unity/unity/Runtime/Export/Scripting/UnitySynchronizationContext.cs:155)
UnityEngine.UnitySynchronizationContext:Exec () (at /Users/bokken/build/output/unity/unity/Runtime/Export/Scripting/UnitySynchronizationContext.cs:83)
UnityEngine.UnitySynchronizationContext:ExecutePendingTasks (long) (at /Users/bokken/build/output/unity/unity/Runtime/Export/Scripting/UnitySynchronizationContext.cs:131)

[/Users/bokken/build/output/unity/unity/Runtime/Export/Scripting/StackTrace.cs line 37]

Batchmode quit successfully invoked - shutting down!
[Physics::Module] Cleanup current backned.
[Physics::Module] Id: 0xf2b8ea05
[Licensing::IpcConnector] License Notification channel disconnected successfully.
[Licensing::IpcConnector] License Client channel disconnected successfully.
AcceleratorClientConnectionCallback - disconnected - :0
[40m[32minfo[39m[22m[49m: Microsoft.Hosting.Lifetime[0]
      Application is shutting down...
Cleanup mono
[40m[32minfo[39m[22m[49m: Unity.ILPP.Runner.PostProcessingAssemblyLoadContext[0]
      ALC ILPP context 1 is unloading
debugger-agent: Unable to listen on 44
Exiting batchmode successfully now!
[Package Manager] Server process was shutdown
