Unity Editor version:    6000.0.23f1 (1c4764c07fb4)
Branch:                  6000.0/staging
Build type:              Release
Batch mode:              YES
macOS version:           Version 15.7.3 (Build 24G419)
Darwin version:          24.6.0
Architecture:            x86_64
Running under Rosetta:   NO
Available memory:        32768 MB
[Licensing::Module] Trying to connect to existing licensing client channel...
[Licensing::IpcConnector] Successfully connected to the License Client on channel: "LicenseClient-pstdenis" at "2026-01-15T21:36:55.528497Z"
[Licensing::Client] Error: Code 10 while verifying Licensing Client signature (process Id: 2723, path: "/Applications/Unity Hub.app/Contents/Frameworks/UnityLicensingClient_V1.app/Contents/MacOS/Unity.Licensing.Client")
[Licensing::Module] Error: LicensingClient has failed validation; ignoring
[Licensing::Client] Handshaking with LicensingClient:
  Version:                 1.17.4+4293ba1
  Session Id:              1743b9daf9b74aa79e76bf11eddfef4f
  Correlation Id:          b7b718d72d9b53cd6fe10130cc704bf0
  External correlation Id: 2785659685237188172
  Machine Id:              f2T8Z2sCj1lS5zslNL1Sez2Hkds=
[Licensing::Module] Successfully connected to LicensingClient on channel: "LicenseClient-pstdenis" (connect: 0.00s, validation: 0.01s, handshake: 0.53s)
[Licensing::IpcConnector] Successfully connected to the License Notification on channel: "LicenseClient-pstdenis-notifications" at "2026-01-15T21:36:56.070446Z"
[Licensing::Module] Error: Access token is unavailable; failed to update
[Licensing::Client] Successfully updated license
[Licensing::Client] Successfully resolved entitlement details
[Licensing::Module] Serial number assigned to: "2149641-UnityPersXXXX"
Pro License: NO
[Licensing::Client] Successfully resolved entitlement details
Launching external process: /Applications/Unity/Hub/Editor/6000.0.23f1/Unity.app/Contents/Resources/PackageManager/Server/UnityPackageManager

COMMAND LINE ARGUMENTS:
/Applications/Unity/Hub/Editor/6000.0.23f1/Unity.app/Contents/MacOS/Unity
-batchmode
-nographics
-quit
-projectPath
Unity
-executeMethod
SceneGenerator.AddScenesToBuildSettings
-logFile
unity_build_settings.log
Successfully changed project path to: /Users/pstdenis/Desktop/Aztec/Unity
/Users/pstdenis/Desktop/Aztec/Unity
[UnityMemory] Configuration Parameters - Can be set up in boot.config
    "memorysetup-bucket-allocator-granularity=16"
    "memorysetup-bucket-allocator-bucket-count=8"
    "memorysetup-bucket-allocator-block-size=33554432"
    "memorysetup-bucket-allocator-block-count=8"
    "memorysetup-main-allocator-block-size=16777216"
    "memorysetup-thread-allocator-block-size=16777216"
    "memorysetup-gfx-main-allocator-block-size=16777216"
    "memorysetup-gfx-thread-allocator-block-size=16777216"
    "memorysetup-cache-allocator-block-size=4194304"
    "memorysetup-typetree-allocator-block-size=2097152"
    "memorysetup-profiler-bucket-allocator-granularity=16"
    "memorysetup-profiler-bucket-allocator-bucket-count=8"
    "memorysetup-profiler-bucket-allocator-block-size=33554432"
    "memorysetup-profiler-bucket-allocator-block-count=8"
    "memorysetup-profiler-allocator-block-size=16777216"
    "memorysetup-profiler-editor-allocator-block-size=1048576"
    "memorysetup-temp-allocator-size-main=16777216"
    "memorysetup-job-temp-allocator-block-size=2097152"
    "memorysetup-job-temp-allocator-block-size-background=1048576"
    "memorysetup-job-temp-allocator-reduction-small-platforms=262144"
    "memorysetup-allocator-temp-initial-block-size-main=262144"
    "memorysetup-allocator-temp-initial-block-size-worker=262144"
    "memorysetup-temp-allocator-size-background-worker=32768"
    "memorysetup-temp-allocator-size-job-worker=262144"
    "memorysetup-temp-allocator-size-preload-manager=33554432"
    "memorysetup-temp-allocator-size-nav-mesh-worker=65536"
    "memorysetup-temp-allocator-size-audio-worker=65536"
    "memorysetup-temp-allocator-size-cloud-worker=32768"
    "memorysetup-temp-allocator-size-gi-baking-worker=262144"
    "memorysetup-temp-allocator-size-gi-baking-worker=262144"
    "memorysetup-temp-allocator-size-gi-baking-worker=262144"
    "memorysetup-temp-allocator-size-gi-baking-worker=262144"
    "memorysetup-temp-allocator-size-gi-baking-worker=262144"
    "memorysetup-temp-allocator-size-gfx=262144"
Player connection [140704441499904]  Target information:

Player connection [140704441499904]  * "[IP] 129.49.17.178 [Port] 55504 [Flags] 2 [Guid] 2474122694 [EditorId] 2474122694 [Version] 1048832 [Id] OSXEditor(0,huey-tll) [Debug] 1 [PackageName] OSXEditor [ProjectName] Editor" 

Player connection [140704441499904]  * "[IP] 192.168.0.154 [Port] 55504 [Flags] 2 [Guid] 2474122694 [EditorId] 2474122694 [Version] 1048832 [Id] OSXEditor(0,huey-tll) [Debug] 1 [PackageName] OSXEditor [ProjectName] Editor" 

Player connection [140704441499904] Host joined multi-casting on [225.0.0.222:54997]...
Player connection [140704441499904] Host joined alternative multi-casting on [225.0.0.222:34997]...
[Physics::Module] Initialized fallback backend.
[Physics::Module] Id: 0xdecafbad
[Package Manager] Connected to IPC stream "Upm-71159" after 0.2 seconds.
Library Redirect Path: Library/
[Package Manager] Restoring resolved packages state from cache
[Licensing::Client] Successfully resolved entitlement details
[Package Manager] Registered 56 packages:
  Packages from [https://packages.unity.com]:
    com.unity.nuget.newtonsoft-json@3.2.1 (location: /Users/pstdenis/Desktop/Aztec/Unity/Library/PackageCache/com.unity.nuget.newtonsoft-json)
    com.unity.ai.navigation@2.0.4 (location: /Users/pstdenis/Desktop/Aztec/Unity/Library/PackageCache/com.unity.ai.navigation)
    com.unity.ide.rider@3.0.31 (location: /Users/pstdenis/Desktop/Aztec/Unity/Library/PackageCache/com.unity.ide.rider)
    com.unity.ide.visualstudio@2.0.22 (location: /Users/pstdenis/Desktop/Aztec/Unity/Library/PackageCache/com.unity.ide.visualstudio)
    com.unity.inputsystem@1.11.1 (location: /Users/pstdenis/Desktop/Aztec/Unity/Library/PackageCache/com.unity.inputsystem)
    com.unity.test-framework@1.4.5 (location: /Users/pstdenis/Desktop/Aztec/Unity/Library/PackageCache/com.unity.test-framework)
    com.unity.timeline@1.8.7 (location: /Users/pstdenis/Desktop/Aztec/Unity/Library/PackageCache/com.unity.timeline)
    com.unity.visualscripting@1.9.4 (location: /Users/pstdenis/Desktop/Aztec/Unity/Library/PackageCache/com.unity.visualscripting)
    com.unity.ext.nunit@2.0.5 (location: /Users/pstdenis/Desktop/Aztec/Unity/Library/PackageCache/com.unity.ext.nunit)
    com.unity.searcher@4.9.2 (location: /Users/pstdenis/Desktop/Aztec/Unity/Library/PackageCache/com.unity.searcher)
    com.unity.burst@1.8.18 (location: /Users/pstdenis/Desktop/Aztec/Unity/Library/PackageCache/com.unity.burst)
    com.unity.mathematics@1.3.2 (location: /Users/pstdenis/Desktop/Aztec/Unity/Library/PackageCache/com.unity.mathematics)
    com.unity.collections@2.5.1 (location: /Users/pstdenis/Desktop/Aztec/Unity/Library/PackageCache/com.unity.collections)
    com.unity.nuget.mono-cecil@1.11.4 (location: /Users/pstdenis/Desktop/Aztec/Unity/Library/PackageCache/com.unity.nuget.mono-cecil)
    com.unity.test-framework.performance@3.0.3 (location: /Users/pstdenis/Desktop/Aztec/Unity/Library/PackageCache/com.unity.test-framework.performance)
  Built-in packages:
    com.unity.multiplayer.center@1.0.0 (location: /Users/pstdenis/Desktop/Aztec/Unity/Library/PackageCache/com.unity.multiplayer.center)
    com.unity.render-pipelines.universal@17.0.3 (location: /Users/pstdenis/Desktop/Aztec/Unity/Library/PackageCache/com.unity.render-pipelines.universal)
    com.unity.ugui@2.0.0 (location: /Users/pstdenis/Desktop/Aztec/Unity/Library/PackageCache/com.unity.ugui)
    com.unity.modules.accessibility@1.0.0 (location: /Users/pstdenis/Desktop/Aztec/Unity/Library/PackageCache/com.unity.modules.accessibility)
    com.unity.modules.ai@1.0.0 (location: /Users/pstdenis/Desktop/Aztec/Unity/Library/PackageCache/com.unity.modules.ai)
    com.unity.modules.androidjni@1.0.0 (location: /Users/pstdenis/Desktop/Aztec/Unity/Library/PackageCache/com.unity.modules.androidjni)
    com.unity.modules.animation@1.0.0 (location: /Users/pstdenis/Desktop/Aztec/Unity/Library/PackageCache/com.unity.modules.animation)
    com.unity.modules.assetbundle@1.0.0 (location: /Users/pstdenis/Desktop/Aztec/Unity/Library/PackageCache/com.unity.modules.assetbundle)
    com.unity.modules.audio@1.0.0 (location: /Users/pstdenis/Desktop/Aztec/Unity/Library/PackageCache/com.unity.modules.audio)
    com.unity.modules.cloth@1.0.0 (location: /Users/pstdenis/Desktop/Aztec/Unity/Library/PackageCache/com.unity.modules.cloth)
    com.unity.modules.director@1.0.0 (location: /Users/pstdenis/Desktop/Aztec/Unity/Library/PackageCache/com.unity.modules.director)
    com.unity.modules.imageconversion@1.0.0 (location: /Users/pstdenis/Desktop/Aztec/Unity/Library/PackageCache/com.unity.modules.imageconversion)
    com.unity.modules.imgui@1.0.0 (location: /Users/pstdenis/Desktop/Aztec/Unity/Library/PackageCache/com.unity.modules.imgui)
    com.unity.modules.jsonserialize@1.0.0 (location: /Users/pstdenis/Desktop/Aztec/Unity/Library/PackageCache/com.unity.modules.jsonserialize)
    com.unity.modules.particlesystem@1.0.0 (location: /Users/pstdenis/Desktop/Aztec/Unity/Library/PackageCache/com.unity.modules.particlesystem)
    com.unity.modules.physics@1.0.0 (location: /Users/pstdenis/Desktop/Aztec/Unity/Library/PackageCache/com.unity.modules.physics)
    com.unity.modules.physics2d@1.0.0 (location: /Users/pstdenis/Desktop/Aztec/Unity/Library/PackageCache/com.unity.modules.physics2d)
    com.unity.modules.screencapture@1.0.0 (location: /Users/pstdenis/Desktop/Aztec/Unity/Library/PackageCache/com.unity.modules.screencapture)
    com.unity.modules.terrain@1.0.0 (location: /Users/pstdenis/Desktop/Aztec/Unity/Library/PackageCache/com.unity.modules.terrain)
    com.unity.modules.terrainphysics@1.0.0 (location: /Users/pstdenis/Desktop/Aztec/Unity/Library/PackageCache/com.unity.modules.terrainphysics)
    com.unity.modules.tilemap@1.0.0 (location: /Users/pstdenis/Desktop/Aztec/Unity/Library/PackageCache/com.unity.modules.tilemap)
    com.unity.modules.ui@1.0.0 (location: /Users/pstdenis/Desktop/Aztec/Unity/Library/PackageCache/com.unity.modules.ui)
    com.unity.modules.uielements@1.0.0 (location: /Users/pstdenis/Desktop/Aztec/Unity/Library/PackageCache/com.unity.modules.uielements)
    com.unity.modules.umbra@1.0.0 (location: /Users/pstdenis/Desktop/Aztec/Unity/Library/PackageCache/com.unity.modules.umbra)
    com.unity.modules.unityanalytics@1.0.0 (location: /Users/pstdenis/Desktop/Aztec/Unity/Library/PackageCache/com.unity.modules.unityanalytics)
    com.unity.modules.unitywebrequest@1.0.0 (location: /Users/pstdenis/Desktop/Aztec/Unity/Library/PackageCache/com.unity.modules.unitywebrequest)
    com.unity.modules.unitywebrequestassetbundle@1.0.0 (location: /Users/pstdenis/Desktop/Aztec/Unity/Library/PackageCache/com.unity.modules.unitywebrequestassetbundle)
    com.unity.modules.unitywebrequestaudio@1.0.0 (location: /Users/pstdenis/Desktop/Aztec/Unity/Library/PackageCache/com.unity.modules.unitywebrequestaudio)
    com.unity.modules.unitywebrequesttexture@1.0.0 (location: /Users/pstdenis/Desktop/Aztec/Unity/Library/PackageCache/com.unity.modules.unitywebrequesttexture)
    com.unity.modules.unitywebrequestwww@1.0.0 (location: /Users/pstdenis/Desktop/Aztec/Unity/Library/PackageCache/com.unity.modules.unitywebrequestwww)
    com.unity.modules.vehicles@1.0.0 (location: /Users/pstdenis/Desktop/Aztec/Unity/Library/PackageCache/com.unity.modules.vehicles)
    com.unity.modules.video@1.0.0 (location: /Users/pstdenis/Desktop/Aztec/Unity/Library/PackageCache/com.unity.modules.video)
    com.unity.modules.vr@1.0.0 (location: /Users/pstdenis/Desktop/Aztec/Unity/Library/PackageCache/com.unity.modules.vr)
    com.unity.modules.wind@1.0.0 (location: /Users/pstdenis/Desktop/Aztec/Unity/Library/PackageCache/com.unity.modules.wind)
    com.unity.modules.xr@1.0.0 (location: /Users/pstdenis/Desktop/Aztec/Unity/Library/PackageCache/com.unity.modules.xr)
    com.unity.modules.subsystems@1.0.0 (location: /Users/pstdenis/Desktop/Aztec/Unity/Library/PackageCache/com.unity.modules.subsystems)
    com.unity.modules.hierarchycore@1.0.0 (location: /Users/pstdenis/Desktop/Aztec/Unity/Library/PackageCache/com.unity.modules.hierarchycore)
    com.unity.render-pipelines.core@17.0.3 (location: /Users/pstdenis/Desktop/Aztec/Unity/Library/PackageCache/com.unity.render-pipelines.core)
    com.unity.shadergraph@17.0.3 (location: /Users/pstdenis/Desktop/Aztec/Unity/Library/PackageCache/com.unity.shadergraph)
    com.unity.render-pipelines.universal-config@17.0.3 (location: /Users/pstdenis/Desktop/Aztec/Unity/Library/PackageCache/com.unity.render-pipelines.universal-config)
    com.unity.rendering.light-transport@1.0.1 (location: /Users/pstdenis/Desktop/Aztec/Unity/Library/PackageCache/com.unity.rendering.light-transport)
[Physics::Module] Selected backend.
[Physics::Module] Name: PhysX
[Physics::Module] Id: 0xf2b8ea05
[Physics::Module] SDK Version: 4.1.2
[Physics::Module] Integration Version: 1.0.0
[Physics::Module] Threading Mode: Multi-Threaded
[Subsystems] No new subsystems found in resolved package list.
Package Manager log level set to [2]
[Package Manager] Done registering packages in 0.18 seconds
Refreshing native plugins compatible for Editor in 0.67 ms, found 1 plugins.
Preloading 0 native plugins for Editor in 0.00 ms.
Initialize engine version: 6000.0.23f1 (1c4764c07fb4)
[Subsystems] Discovering subsystems at path /Applications/Unity/Hub/Editor/6000.0.23f1/Unity.app/Contents/Resources/UnitySubsystems
[Subsystems] Discovering subsystems at path /Users/pstdenis/Desktop/Aztec/Unity/Assets
Forcing GfxDevice: Null
GfxDevice: creating device client; kGfxThreadingModeNonThreaded
NullGfxDevice:
    Version:  NULL 1.0 [1.0]
    Renderer: Null Device
    Vendor:   Unity Technologies
Shader Hidden/ProbeVolume/VoxelizeScene is not supported: GPU does not support conservative rasterization
[Licensing::Client] Successfully resolved entitlement details
Initialize mono
Mono path[0] = '/Applications/Unity/Hub/Editor/6000.0.23f1/Unity.app/Contents/Managed'
Mono path[1] = '/Applications/Unity/Hub/Editor/6000.0.23f1/Unity.app/Contents/MonoBleedingEdge/lib/mono/unityjit-macos'
Mono config path = '/Applications/Unity/Hub/Editor/6000.0.23f1/Unity.app/Contents/MonoBleedingEdge/etc'
Using monoOptions --debugger-agent=transport=dt_socket,embedding=1,server=y,suspend=n,address=127.0.0.1:56159
Using cacheserver namespaces - metadata:defaultmetadata, artifacts:defaultartifacts
Using cacheserver namespaces - metadata:defaultmetadata, artifacts:defaultartifacts
ImportWorker Server TCP listen port: 0
AcceleratorClientConnectionCallback - disconnected - :0
Begin MonoManager ReloadAssembly
Registering precompiled unity dll's ...
Register platform support module: /Applications/Unity/Hub/Editor/6000.0.23f1/PlaybackEngines/WebGLSupport/UnityEditor.WebGL.Extensions.dll
Register platform support module: /Applications/Unity/Hub/Editor/6000.0.23f1/Unity.app/Contents/PlaybackEngines/MacStandaloneSupport/UnityEditor.OSXStandalone.Extensions.dll
Registered in 0.001746 seconds.
- Loaded All Assemblies, in  0.481 seconds
Native extension for OSXStandalone target not found
Native extension for WebGL target not found
Mono: successfully reloaded assembly
- Finished resetting the current domain, in  0.547 seconds
Domain Reload Profiling: 1029ms
	BeginReloadAssembly (121ms)
		ExecutionOrderSort (0ms)
		DisableScriptedObjects (0ms)
		BackupInstance (0ms)
		ReleaseScriptingObjects (0ms)
		CreateAndSetChildDomain (1ms)
	RebuildCommonClasses (54ms)
	RebuildNativeTypeToScriptingClass (16ms)
	initialDomainReloadingComplete (60ms)
	LoadAllAssembliesAndSetupDomain (230ms)
		LoadAssemblies (120ms)
		RebuildTransferFunctionScriptingTraits (0ms)
		AnalyzeDomain (226ms)
			TypeCache.Refresh (223ms)
				TypeCache.ScanAssembly (204ms)
			BuildScriptInfoCaches (0ms)
			ResolveRequiredComponents (1ms)
	FinalizeReload (547ms)
		ReleaseScriptCaches (0ms)
		RebuildScriptCaches (0ms)
		SetupLoadedEditorAssemblies (499ms)
			LogAssemblyErrors (0ms)
			InitializePlatformSupportModulesInManaged (54ms)
			SetLoadedEditorAssemblies (6ms)
			BeforeProcessingInitializeOnLoad (7ms)
			ProcessInitializeOnLoadAttributes (283ms)
			ProcessInitializeOnLoadMethodAttributes (145ms)
			AfterProcessingInitializeOnLoad (4ms)
			EditorAssembliesLoaded (0ms)
		ExecutionOrderSort2 (0ms)
		AwakeInstancesAfterBackupRestoration (0ms)
[Licensing::Client] Successfully resolved entitlement details
Application.AssetDatabase Initial Refresh Start
[40m[32minfo[39m[22m[49m: Microsoft.Hosting.Lifetime[14]
      Now listening on: http://unix:/tmp/ilpp.sock-1a3cb70ed30ea5a7368874c09804521c
[40m[32minfo[39m[22m[49m: Microsoft.Hosting.Lifetime[0]
      Application started. Press Ctrl+C to shut down.
[40m[32minfo[39m[22m[49m: Microsoft.Hosting.Lifetime[0]
      Hosting environment: Production
[40m[32minfo[39m[22m[49m: Microsoft.Hosting.Lifetime[0]
      Content root path: /Users/pstdenis/Desktop/Aztec/Unity/
[40m[32minfo[39m[22m[49m: Microsoft.AspNetCore.Hosting.Diagnostics[1]
      Request starting HTTP/2 POST http://ilpp/UnityILPP.PostProcessing/Ping application/grpc -
[40m[32minfo[39m[22m[49m: Microsoft.AspNetCore.Routing.EndpointMiddleware[0]
      Executing endpoint 'gRPC - /UnityILPP.PostProcessing/Ping'
[40m[32minfo[39m[22m[49m: Microsoft.AspNetCore.Routing.EndpointMiddleware[1]
      Executed endpoint 'gRPC - /UnityILPP.PostProcessing/Ping'
[40m[32minfo[39m[22m[49m: Microsoft.AspNetCore.Hosting.Diagnostics[2]
      Request finished HTTP/2 POST http://ilpp/UnityILPP.PostProcessing/Ping application/grpc - - 200 - application/grpc 49.4358ms
Starting: /Applications/Unity/Hub/Editor/6000.0.23f1/Unity.app/Contents/bee_backend --dont-print-to-structured-log --ipc --defer-dag-verification --dagfile="Library/Bee/2000b0aE.dag" --continue-on-failure --profile="Library/Bee/backend1.traceevents" ScriptAssemblies
WorkingDir: /Users/pstdenis/Desktop/Aztec/Unity
DisplayProgressbar: Compiling Scripts
[40m[32minfo[39m[22m[49m: Microsoft.AspNetCore.Hosting.Diagnostics[1]
      Request starting HTTP/2 POST http://ilpp/UnityILPP.PostProcessing/ConfigurePostProcessors application/grpc -
[40m[32minfo[39m[22m[49m: Microsoft.AspNetCore.Routing.EndpointMiddleware[0]
      Executing endpoint 'gRPC - /UnityILPP.PostProcessing/ConfigurePostProcessors'
[40m[1m[33mwarn[39m[22m[49m: Unity.ILPP.Runner.PostProcessingAssemblyLoadContext[0]
      Assembly system.runtime.interopservices.windowsruntime has duplicate hint path. Ignoring "/Applications/Unity/Hub/Editor/6000.0.23f1/Unity.app/Contents/UnityReferenceAssemblies/unity-4.8-api/Facades/System.Runtime.InteropServices.WindowsRuntime.dll" in favor of "/Applications/Unity/Hub/Editor/6000.0.23f1/Unity.app/Contents/NetStandard/Extensions/2.0.0/System.Runtime.InteropServices.WindowsRuntime.dll"
[40m[1m[33mwarn[39m[22m[49m: Unity.ILPP.Runner.PostProcessingAssemblyLoadContext[0]
      Assembly system.componentmodel.composition has duplicate hint path. Ignoring "/Applications/Unity/Hub/Editor/6000.0.23f1/Unity.app/Contents/UnityReferenceAssemblies/unity-4.8-api/System.ComponentModel.Composition.dll" in favor of "/Applications/Unity/Hub/Editor/6000.0.23f1/Unity.app/Contents/NetStandard/compat/2.1.0/shims/netfx/System.ComponentModel.Composition.dll"
[40m[32minfo[39m[22m[49m: Unity.ILPP.Runner.PostProcessingAssemblyLoadContext[0]
      Resolved Unity.Burst.Cecil, Version=0.11.4.0, Culture=neutral, PublicKeyToken=50cebf1cceb9d05e with Library/PackageCache/com.unity.burst/Unity.Burst.CodeGen/Unity.Burst.Cecil.dll
[40m[32minfo[39m[22m[49m: Unity.ILPP.Runner.PostProcessingAssemblyLoadContext[0]
      Resolved Mono.Cecil, Version=0.11.4.0, Culture=neutral, PublicKeyToken=50cebf1cceb9d05e with Library/PackageCache/com.unity.nuget.mono-cecil/Mono.Cecil.dll
[40m[32minfo[39m[22m[49m: Microsoft.AspNetCore.Routing.EndpointMiddleware[1]
      Executed endpoint 'gRPC - /UnityILPP.PostProcessing/ConfigurePostProcessors'
[40m[32minfo[39m[22m[49m: Microsoft.AspNetCore.Hosting.Diagnostics[2]
      Request finished HTTP/2 POST http://ilpp/UnityILPP.PostProcessing/ConfigurePostProcessors application/grpc - - 200 - application/grpc 36.7619ms
ExitCode: 0 Duration: 0s432ms
[546/703    0s] ILPP-Configuration Library/ilpp-configuration.nevergeneratedoutput
*** Tundra build success (0.39 seconds), 1 items updated, 703 evaluated
AssetDatabase: script compilation time: 1.149819s
Begin MonoManager ReloadAssembly
Total cache size 268018571
Total cache size after purge 268018571, took 00:00:00.2934539
Symbol file LoadedFromMemory is not a mono symbol file
- Loaded All Assemblies, in  1.353 seconds
Refreshing native plugins compatible for Editor in 0.59 ms, found 1 plugins.
Native extension for OSXStandalone target not found
Native extension for WebGL target not found
Refreshing native plugins compatible for Editor in 0.49 ms, found 1 plugins.
Mono: successfully reloaded assembly
- Finished resetting the current domain, in  3.890 seconds
Domain Reload Profiling: 5244ms
	BeginReloadAssembly (661ms)
		ExecutionOrderSort (0ms)
		DisableScriptedObjects (15ms)
		BackupInstance (0ms)
		ReleaseScriptingObjects (0ms)
		CreateAndSetChildDomain (74ms)
	RebuildCommonClasses (54ms)
	RebuildNativeTypeToScriptingClass (17ms)
	initialDomainReloadingComplete (34ms)
	LoadAllAssembliesAndSetupDomain (587ms)
		LoadAssemblies (375ms)
		RebuildTransferFunctionScriptingTraits (0ms)
		AnalyzeDomain (301ms)
			TypeCache.Refresh (207ms)
				TypeCache.ScanAssembly (190ms)
			BuildScriptInfoCaches (75ms)
			ResolveRequiredComponents (15ms)
	FinalizeReload (3891ms)
		ReleaseScriptCaches (0ms)
		RebuildScriptCaches (0ms)
		SetupLoadedEditorAssemblies (3500ms)
			LogAssemblyErrors (0ms)
			InitializePlatformSupportModulesInManaged (23ms)
			SetLoadedEditorAssemblies (5ms)
			BeforeProcessingInitializeOnLoad (133ms)
			ProcessInitializeOnLoadAttributes (3005ms)
			ProcessInitializeOnLoadMethodAttributes (312ms)
			AfterProcessingInitializeOnLoad (23ms)
			EditorAssembliesLoaded (0ms)
		ExecutionOrderSort2 (0ms)
		AwakeInstancesAfterBackupRestoration (17ms)
Asset Pipeline Refresh (id=0009eef55023a466f94745fed4f6686c): Total: 7.393 seconds - Initiated by InitialRefreshV2(ForceSynchronousImport)
	Summary:
		Imports: total=0 (actual=0, local cache=0, cache server=0)
		Asset DB Process Time: managed=0 ms, native=4715 ms
		Asset DB Callback time: managed=61 ms, native=0 ms
		Scripting: domain reloads=1, domain reload time=1413 ms, compile time=1152 ms, other=49 ms
		Project Asset Count: scripts=1123, non-scripts=1791
		Asset File Changes: new=0, changed=0, moved=0, deleted=0
		Scan Filter Count: 1
	InvokeCustomDependenciesCallbacks: 0.002ms
	InvokePackagesCallback: 1.385ms
	ApplyChangesToAssetFolders: 0.330ms
	Scan: 460.801ms
	OnSourceAssetsModified: 0.005ms
	CategorizeAssetsWithTransientArtifact: 55.295ms
	ProcessAssetsWithTransientArtifactChanges: 90.854ms
	CategorizeAssets: 43.864ms
	ImportOutOfDateAssets: 3902.519ms (2746.290ms without children)
		CompileScripts: 1151.514ms
		ReloadNativeAssets: 0.022ms
		UnloadImportedAssets: 2.804ms
		EnsureUptoDateAssetsAreRegisteredWithGuidPM: 1.022ms
		InitializingProgressBar: 0.000ms
		PostProcessAllAssetNotificationsAddChangedAssets: 0.000ms
		OnDemandSchedulerStart: 0.867ms
	PostProcessAllAssets: 61.893ms
	GatherAllCurrentPrimaryArtifactRevisions: 0.005ms
	UnloadStreamsBegin: 2.064ms
	PersistCurrentRevisions: 0.141ms
	UnloadStreamsEnd: 0.001ms
	GenerateScriptTypeHashes: 3.217ms
	Untracked: 2773.448ms

Application.AssetDatabase Initial Refresh End
Scanning for USB devices : 1.285ms
Initializing Unity extensions:
[Licensing::Client] Successfully resolved entitlement details
[MODES] ModeService[none].Initialize
[MODES] ModeService[none].LoadModes
[MODES] Loading mode Default (0) for mode-current-id-My project (1)
Unloading 19 Unused Serialized files (Serialized files now loaded: 0)
Unloading 5608 unused Assets / (3.0 MB). Loaded Objects now: 6415.
Memory consumption went from 209.0 MB to 205.9 MB.
Total: 15.060152 ms (FindLiveObjects: 0.690713 ms CreateObjectMapping: 0.954651 ms MarkObjects: 10.326257 ms  DeleteObjects: 3.087241 ms)

Cancelling DisplayDialog: Info All scenes are already in build settings.
This should not be called in batch mode.
UnityEngine.Debug:ExtractStackTraceNoAlloc (byte*,int,string)
UnityEngine.StackTraceUtility:ExtractStackTrace () (at /Users/bokken/build/output/unity/unity/Runtime/Export/Scripting/StackTrace.cs:37)
UnityEditor.EditorUtility:DisplayDialogImpl (string,string,string,string)
UnityEditor.EditorUtility:DisplayDialog (string,string,string,string) (at /Users/bokken/build/output/unity/unity/Editor/Mono/EditorUtility.bindings.cs:51)
UnityEditor.EditorUtility:DisplayDialog (string,string,string) (at /Users/bokken/build/output/unity/unity/Editor/Mono/EditorUtility.bindings.cs:57)
SceneGenerator:AddScenesToBuildSettings () (at Assets/Editor/SceneGenerator.cs:209)

[/Users/bokken/build/output/unity/unity/Editor/Mono/EditorUtility.bindings.cs line 51]

Batchmode quit successfully invoked - shutting down!
Curl error 42: Callback aborted
[Physics::Module] Cleanup current backned.
[Physics::Module] Id: 0xf2b8ea05
[Licensing::IpcConnector] License Notification channel disconnected successfully.
[Licensing::IpcConnector] License Client channel disconnected successfully.
AcceleratorClientConnectionCallback - disconnected - :0
[40m[32minfo[39m[22m[49m: Microsoft.Hosting.Lifetime[0]
      Application is shutting down...
Cleanup mono
[40m[32minfo[39m[22m[49m: Unity.ILPP.Runner.PostProcessingAssemblyLoadContext[0]
      ALC ILPP context 1 is unloading
debugger-agent: Unable to listen on 44
Exiting batchmode successfully now!
[Package Manager] Server process was shutdown
